{"meta": {"format": 3, "version": "7.13.5", "timestamp": "2026-06-25T19:14:24.854332", "branch_coverage": false, "show_contexts": false}, "files": {"app/__init__.py": {"executed_lines": [], "summary": {"covered_lines": 0, "num_statements": 0, "percent_covered": 100.0, "percent_covered_display": "100", "missing_lines": 0, "excluded_lines": 0, "percent_statements_covered": 100.0, "percent_statements_covered_display": "100"}, "missing_lines": [], "excluded_lines": [], "functions": {"": {"executed_lines": [], "summary": {"covered_lines": 0, "num_statements": 0, "percent_covered": 100.0, "percent_covered_display": "100", "missing_lines": 0, "excluded_lines": 0, "percent_statements_covered": 100.0, "percent_statements_covered_display": "100"}, "missing_lines": [], "excluded_lines": [], "start_line": 1}}, "classes": {"": {"executed_lines": [], "summary": {"covered_lines": 0, "num_statements": 0, "percent_covered": 100.0, "percent_covered_display": "100", "missing_lines": 0, "excluded_lines": 0, "percent_statements_covered": 100.0, "percent_statements_covered_display": "100"}, "missing_lines": [], "excluded_lines": [], "start_line": 1}}}, "app/api/__init__.py": {"executed_lines": [], "summary": {"covered_lines": 0, "num_statements": 0, "percent_covered": 100.0, "percent_covered_display": "100", "missing_lines": 0, "excluded_lines": 0, "percent_statements_covered": 100.0, "percent_statements_covered_display": "100"}, "missing_lines": [], "excluded_lines": [], "functions": {"": {"executed_lines": [], "summary": {"covered_lines": 0, "num_statements": 0, "percent_covered": 100.0, "percent_covered_display": "100", "missing_lines": 0, "excluded_lines": 0, "percent_statements_covered": 100.0, "percent_statements_covered_display": "100"}, "missing_lines": [], "excluded_lines": [], "start_line": 1}}, "classes": {"": {"executed_lines": [], "summary": {"covered_lines": 0, "num_statements": 0, "percent_covered": 100.0, "percent_covered_display": "100", "missing_lines": 0, "excluded_lines": 0, "percent_statements_covered": 100.0, "percent_statements_covered_display": "100"}, "missing_lines": [], "excluded_lines": [], "start_line": 1}}}, "app/api/router.py": {"executed_lines": [1, 3, 5, 6, 7, 8, 9, 10, 11], "summary": {"covered_lines": 9, "num_statements": 9, "percent_covered": 100.0, "percent_covered_display": "100", "missing_lines": 0, "excluded_lines": 0, "percent_statements_covered": 100.0, "percent_statements_covered_display": "100"}, "missing_lines": [], "excluded_lines": [], "functions": {"": {"executed_lines": [1, 3, 5, 6, 7, 8, 9, 10, 11], "summary": {"covered_lines": 9, "num_statements": 9, "percent_covered": 100.0, "percent_covered_display": "100", "missing_lines": 0, "excluded_lines": 0, "percent_statements_covered": 100.0, "percent_statements_covered_display": "100"}, "missing_lines": [], "excluded_lines": [], "start_line": 1}}, "classes": {"": {"executed_lines": [1, 3, 5, 6, 7, 8, 9, 10, 11], "summary": {"covered_lines": 9, "num_statements": 9, "percent_covered": 100.0, "percent_covered_display": "100", "missing_lines": 0, "excluded_lines": 0, "percent_statements_covered": 100.0, "percent_statements_covered_display": "100"}, "missing_lines": [], "excluded_lines": [], "start_line": 1}}}, "app/api/routes/__init__.py": {"executed_lines": [], "summary": {"covered_lines": 0, "num_statements": 0, "percent_covered": 100.0, "percent_covered_display": "100", "missing_lines": 0, "excluded_lines": 0, "percent_statements_covered": 100.0, "percent_statements_covered_display": "100"}, "missing_lines": [], "excluded_lines": [], "functions": {"": {"executed_lines": [], "summary": {"covered_lines": 0, "num_statements": 0, "percent_covered": 100.0, "percent_covered_display": "100", "missing_lines": 0, "excluded_lines": 0, "percent_statements_covered": 100.0, "percent_statements_covered_display": "100"}, "missing_lines": [], "excluded_lines": [], "start_line": 1}}, "classes": {"": {"executed_lines": [], "summary": {"covered_lines": 0, "num_statements": 0, "percent_covered": 100.0, "percent_covered_display": "100", "missing_lines": 0, "excluded_lines": 0, "percent_statements_covered": 100.0, "percent_statements_covered_display": "100"}, "missing_lines": [], "excluded_lines": [], "start_line": 1}}}, "app/api/routes/agents.py": {"executed_lines": [1, 2, 3, 4, 5, 6, 8, 9, 10, 11, 12, 14, 15, 16, 17, 18, 20, 23, 24, 27, 28, 29, 32, 33, 34, 35, 36, 37, 38, 40, 43, 44, 47, 57, 58, 59, 66, 67, 79, 85, 86, 90, 96, 100, 103, 112, 144, 150, 151, 154, 163, 164, 193, 194, 197, 202, 207], "summary": {"covered_lines": 57, "num_statements": 103, "percent_covered": 55.33980582524272, "percent_covered_display": "55", "missing_lines": 46, "excluded_lines": 0, "percent_statements_covered": 55.33980582524272, "percent_statements_covered_display": "55"}, "missing_lines": [68, 69, 87, 113, 114, 115, 116, 117, 120, 121, 122, 123, 124, 133, 134, 135, 136, 137, 138, 139, 141, 165, 167, 168, 169, 170, 171, 173, 174, 175, 176, 178, 179, 188, 189, 190, 208, 209, 211, 212, 213, 214, 216, 224, 225, 226], "excluded_lines": [], "functions": {"_agents_in_workspace": {"executed_lines": [24], "summary": {"covered_lines": 1, "num_statements": 1, "percent_covered": 100.0, "percent_covered_display": "100", "missing_lines": 0, "excluded_lines": 0, "percent_statements_covered": 100.0, "percent_statements_covered_display": "100"}, "missing_lines": [], "excluded_lines": [], "start_line": 23}, "create_agent": {"executed_lines": [58, 59, 66, 67], "summary": {"covered_lines": 4, "num_statements": 6, "percent_covered": 66.66666666666667, "percent_covered_display": "67", "missing_lines": 2, "excluded_lines": 0, "percent_statements_covered": 66.66666666666667, "percent_statements_covered_display": "67"}, "missing_lines": [68, 69], "excluded_lines": [], "start_line": 57}, "list_agents": {"executed_lines": [86], "summary": {"covered_lines": 1, "num_statements": 2, "percent_covered": 50.0, "percent_covered_display": "50", "missing_lines": 1, "excluded_lines": 0, "percent_statements_covered": 50.0, "percent_statements_covered_display": "50"}, "missing_lines": [87], "excluded_lines": [], "start_line": 85}, "get_me": {"executed_lines": [100], "summary": {"covered_lines": 1, "num_statements": 1, "percent_covered": 100.0, "percent_covered_display": "100", "missing_lines": 0, "excluded_lines": 0, "percent_statements_covered": 100.0, "percent_statements_covered_display": "100"}, "missing_lines": [], "excluded_lines": [], "start_line": 96}, "agent_stream": {"executed_lines": [], "summary": {"covered_lines": 0, "num_statements": 2, "percent_covered": 0.0, "percent_covered_display": "0", "missing_lines": 2, "excluded_lines": 0, "percent_statements_covered": 0.0, "percent_statements_covered_display": "0"}, "missing_lines": [113, 141], "excluded_lines": [], "start_line": 112}, "agent_stream.generator": {"executed_lines": [], "summary": {"covered_lines": 0, "num_statements": 16, "percent_covered": 0.0, "percent_covered_display": "0", "missing_lines": 16, "excluded_lines": 0, "percent_statements_covered": 0.0, "percent_statements_covered_display": "0"}, "missing_lines": [114, 115, 116, 117, 120, 121, 122, 123, 124, 133, 134, 135, 136, 137, 138, 139], "excluded_lines": [], "start_line": 113}, "get_agent": {"executed_lines": [151], "summary": {"covered_lines": 1, "num_statements": 1, "percent_covered": 100.0, "percent_covered_display": "100", "missing_lines": 0, "excluded_lines": 0, "percent_statements_covered": 100.0, "percent_statements_covered_display": "100"}, "missing_lines": [], "excluded_lines": [], "start_line": 150}, "cancel_agent": {"executed_lines": [164], "summary": {"covered_lines": 1, "num_statements": 16, "percent_covered": 6.25, "percent_covered_display": "6", "missing_lines": 15, "excluded_lines": 0, "percent_statements_covered": 6.25, "percent_statements_covered_display": "6"}, "missing_lines": [165, 167, 168, 169, 170, 171, 173, 174, 175, 176, 178, 179, 188, 189, 190], "excluded_lines": [], "start_line": 163}, "assign_ticket": {"executed_lines": [207], "summary": {"covered_lines": 1, "num_statements": 11, "percent_covered": 9.090909090909092, "percent_covered_display": "9", "missing_lines": 10, "excluded_lines": 0, "percent_statements_covered": 9.090909090909092, "percent_statements_covered_display": "9"}, "missing_lines": [208, 209, 211, 212, 213, 214, 216, 224, 225, 226], "excluded_lines": [], "start_line": 202}, "": {"executed_lines": [1, 2, 3, 4, 5, 6, 8, 9, 10, 11, 12, 14, 15, 16, 17, 18, 20, 23, 27, 28, 29, 32, 33, 34, 35, 36, 37, 38, 40, 43, 44, 47, 57, 79, 85, 90, 96, 103, 112, 144, 150, 154, 163, 193, 194, 197, 202], "summary": {"covered_lines": 47, "num_statements": 47, "percent_covered": 100.0, "percent_covered_display": "100", "missing_lines": 0, "excluded_lines": 0, "percent_statements_covered": 100.0, "percent_statements_covered_display": "100"}, "missing_lines": [], "excluded_lines": [], "start_line": 1}}, "classes": {"CreateAgentRequest": {"executed_lines": [], "summary": {"covered_lines": 0, "num_statements": 0, "percent_covered": 100.0, "percent_covered_display": "100", "missing_lines": 0, "excluded_lines": 0, "percent_statements_covered": 100.0, "percent_statements_covered_display": "100"}, "missing_lines": [], "excluded_lines": [], "start_line": 27}, "AgentResponse": {"executed_lines": [], "summary": {"covered_lines": 0, "num_statements": 0, "percent_covered": 100.0, "percent_covered_display": "100", "missing_lines": 0, "excluded_lines": 0, "percent_statements_covered": 100.0, "percent_statements_covered_display": "100"}, "missing_lines": [], "excluded_lines": [], "start_line": 32}, "CreateAgentResponse": {"executed_lines": [], "summary": {"covered_lines": 0, "num_statements": 0, "percent_covered": 100.0, "percent_covered_display": "100", "missing_lines": 0, "excluded_lines": 0, "percent_statements_covered": 100.0, "percent_statements_covered_display": "100"}, "missing_lines": [], "excluded_lines": [], "start_line": 43}, "AssignRequest": {"executed_lines": [], "summary": {"covered_lines": 0, "num_statements": 0, "percent_covered": 100.0, "percent_covered_display": "100", "missing_lines": 0, "excluded_lines": 0, "percent_statements_covered": 100.0, "percent_statements_covered_display": "100"}, "missing_lines": [], "excluded_lines": [], "start_line": 193}, "": {"executed_lines": [1, 2, 3, 4, 5, 6, 8, 9, 10, 11, 12, 14, 15, 16, 17, 18, 20, 23, 24, 27, 28, 29, 32, 33, 34, 35, 36, 37, 38, 40, 43, 44, 47, 57, 58, 59, 66, 67, 79, 85, 86, 90, 96, 100, 103, 112, 144, 150, 151, 154, 163, 164, 193, 194, 197, 202, 207], "summary": {"covered_lines": 57, "num_statements": 103, "percent_covered": 55.33980582524272, "percent_covered_display": "55", "missing_lines": 46, "excluded_lines": 0, "percent_statements_covered": 55.33980582524272, "percent_statements_covered_display": "55"}, "missing_lines": [68, 69, 87, 113, 114, 115, 116, 117, 120, 121, 122, 123, 124, 133, 134, 135, 136, 137, 138, 139, 141, 165, 167, 168, 169, 170, 171, 173, 174, 175, 176, 178, 179, 188, 189, 190, 208, 209, 211, 212, 213, 214, 216, 224, 225, 226], "excluded_lines": [], "start_line": 1}}}, "app/api/routes/events.py": {"executed_lines": [1, 2, 3, 4, 5, 7, 8, 9, 10, 11, 13, 14, 15, 16, 17, 18, 19, 21, 24, 25, 28, 29, 32, 33, 34, 50, 51, 52, 53, 54, 57, 58, 59, 60, 61, 62, 63, 64, 65, 66, 67, 68, 70, 73, 74, 75, 76, 77, 80, 90, 95, 133, 153, 159, 160, 168, 174, 175, 191, 197, 202, 211, 217, 222, 230, 246, 256], "summary": {"covered_lines": 67, "num_statements": 131, "percent_covered": 51.14503816793893, "percent_covered_display": "51", "missing_lines": 64, "excluded_lines": 0, "percent_statements_covered": 51.14503816793893, "percent_statements_covered_display": "51"}, "missing_lines": [96, 98, 110, 112, 113, 114, 115, 116, 117, 118, 119, 120, 121, 122, 123, 124, 125, 126, 127, 128, 129, 134, 135, 136, 137, 138, 139, 141, 143, 144, 145, 146, 147, 148, 150, 165, 182, 183, 208, 227, 231, 257, 258, 263, 264, 265, 267, 268, 270, 271, 272, 273, 274, 276, 277, 278, 280, 281, 282, 283, 284, 285, 286, 288], "excluded_lines": [], "functions": {"_fetch_ticket": {"executed_lines": [25], "summary": {"covered_lines": 1, "num_statements": 1, "percent_covered": 100.0, "percent_covered_display": "100", "missing_lines": 0, "excluded_lines": 0, "percent_statements_covered": 100.0, "percent_statements_covered_display": "100"}, "missing_lines": [], "excluded_lines": [], "start_line": 24}, "_workspace_events_query": {"executed_lines": [29], "summary": {"covered_lines": 1, "num_statements": 1, "percent_covered": 100.0, "percent_covered_display": "100", "missing_lines": 0, "excluded_lines": 0, "percent_statements_covered": 100.0, "percent_statements_covered_display": "100"}, "missing_lines": [], "excluded_lines": [], "start_line": 28}, "post_event": {"executed_lines": [95, 133], "summary": {"covered_lines": 2, "num_statements": 37, "percent_covered": 5.405405405405405, "percent_covered_display": "5", "missing_lines": 35, "excluded_lines": 0, "percent_statements_covered": 5.405405405405405, "percent_statements_covered_display": "5"}, "missing_lines": [96, 98, 110, 112, 113, 114, 115, 116, 117, 118, 119, 120, 121, 122, 123, 124, 125, 126, 127, 128, 129, 134, 135, 136, 137, 138, 139, 141, 143, 144, 145, 146, 147, 148, 150], "excluded_lines": [], "start_line": 90}, "get_ticket_events": {"executed_lines": [160], "summary": {"covered_lines": 1, "num_statements": 2, "percent_covered": 50.0, "percent_covered_display": "50", "missing_lines": 1, "excluded_lines": 0, "percent_statements_covered": 50.0, "percent_statements_covered_display": "50"}, "missing_lines": [165], "excluded_lines": [], "start_line": 159}, "get_ticket_cost": {"executed_lines": [175], "summary": {"covered_lines": 1, "num_statements": 3, "percent_covered": 33.333333333333336, "percent_covered_display": "33", "missing_lines": 2, "excluded_lines": 0, "percent_statements_covered": 33.333333333333336, "percent_statements_covered_display": "33"}, "missing_lines": [182, 183], "excluded_lines": [], "start_line": 174}, "get_agent_events": {"executed_lines": [202], "summary": {"covered_lines": 1, "num_statements": 2, "percent_covered": 50.0, "percent_covered_display": "50", "missing_lines": 1, "excluded_lines": 0, "percent_statements_covered": 50.0, "percent_statements_covered_display": "50"}, "missing_lines": [208], "excluded_lines": [], "start_line": 197}, "list_workspace_events": {"executed_lines": [222], "summary": {"covered_lines": 1, "num_statements": 2, "percent_covered": 50.0, "percent_covered_display": "50", "missing_lines": 1, "excluded_lines": 0, "percent_statements_covered": 50.0, "percent_statements_covered_display": "50"}, "missing_lines": [227], "excluded_lines": [], "start_line": 217}, "_event_to_dict": {"executed_lines": [], "summary": {"covered_lines": 0, "num_statements": 1, "percent_covered": 0.0, "percent_covered_display": "0", "missing_lines": 1, "excluded_lines": 0, "percent_statements_covered": 0.0, "percent_statements_covered_display": "0"}, "missing_lines": [231], "excluded_lines": [], "start_line": 230}, "event_stream": {"executed_lines": [], "summary": {"covered_lines": 0, "num_statements": 2, "percent_covered": 0.0, "percent_covered_display": "0", "missing_lines": 2, "excluded_lines": 0, "percent_statements_covered": 0.0, "percent_statements_covered_display": "0"}, "missing_lines": [257, 288], "excluded_lines": [], "start_line": 256}, "event_stream.generator": {"executed_lines": [], "summary": {"covered_lines": 0, "num_statements": 21, "percent_covered": 0.0, "percent_covered_display": "0", "missing_lines": 21, "excluded_lines": 0, "percent_statements_covered": 0.0, "percent_statements_covered_display": "0"}, "missing_lines": [258, 263, 264, 265, 267, 268, 270, 271, 272, 273, 274, 276, 277, 278, 280, 281, 282, 283, 284, 285, 286], "excluded_lines": [], "start_line": 257}, "": {"executed_lines": [1, 2, 3, 4, 5, 7, 8, 9, 10, 11, 13, 14, 15, 16, 17, 18, 19, 21, 24, 28, 32, 33, 34, 50, 51, 52, 53, 54, 57, 58, 59, 60, 61, 62, 63, 64, 65, 66, 67, 68, 70, 73, 74, 75, 76, 77, 80, 90, 153, 159, 168, 174, 191, 197, 211, 217, 230, 246, 256], "summary": {"covered_lines": 59, "num_statements": 59, "percent_covered": 100.0, "percent_covered_display": "100", "missing_lines": 0, "excluded_lines": 0, "percent_statements_covered": 100.0, "percent_statements_covered_display": "100"}, "missing_lines": [], "excluded_lines": [], "start_line": 1}}, "classes": {"EventRequest": {"executed_lines": [], "summary": {"covered_lines": 0, "num_statements": 0, "percent_covered": 100.0, "percent_covered_display": "100", "missing_lines": 0, "excluded_lines": 0, "percent_statements_covered": 100.0, "percent_statements_covered_display": "100"}, "missing_lines": [], "excluded_lines": [], "start_line": 32}, "EventResponse": {"executed_lines": [], "summary": {"covered_lines": 0, "num_statements": 0, "percent_covered": 100.0, "percent_covered_display": "100", "missing_lines": 0, "excluded_lines": 0, "percent_statements_covered": 100.0, "percent_statements_covered_display": "100"}, "missing_lines": [], "excluded_lines": [], "start_line": 57}, "CostSummary": {"executed_lines": [], "summary": {"covered_lines": 0, "num_statements": 0, "percent_covered": 100.0, "percent_covered_display": "100", "missing_lines": 0, "excluded_lines": 0, "percent_statements_covered": 100.0, "percent_statements_covered_display": "100"}, "missing_lines": [], "excluded_lines": [], "start_line": 73}, "": {"executed_lines": [1, 2, 3, 4, 5, 7, 8, 9, 10, 11, 13, 14, 15, 16, 17, 18, 19, 21, 24, 25, 28, 29, 32, 33, 34, 50, 51, 52, 53, 54, 57, 58, 59, 60, 61, 62, 63, 64, 65, 66, 67, 68, 70, 73, 74, 75, 76, 77, 80, 90, 95, 133, 153, 159, 160, 168, 174, 175, 191, 197, 202, 211, 217, 222, 230, 246, 256], "summary": {"covered_lines": 67, "num_statements": 131, "percent_covered": 51.14503816793893, "percent_covered_display": "51", "missing_lines": 64, "excluded_lines": 0, "percent_statements_covered": 51.14503816793893, "percent_statements_covered_display": "51"}, "missing_lines": [96, 98, 110, 112, 113, 114, 115, 116, 117, 118, 119, 120, 121, 122, 123, 124, 125, 126, 127, 128, 129, 134, 135, 136, 137, 138, 139, 141, 143, 144, 145, 146, 147, 148, 150, 165, 182, 183, 208, 227, 231, 257, 258, 263, 264, 265, 267, 268, 270, 271, 272, 273, 274, 276, 277, 278, 280, 281, 282, 283, 284, 285, 286, 288], "excluded_lines": [], "start_line": 1}}}, "app/api/routes/fs.py": {"executed_lines": [1, 3, 4, 6, 8, 11, 12, 13, 14, 17, 18, 19, 20, 23, 24, 25, 28, 39, 40, 41, 42, 43, 45, 46, 47, 51, 52, 53, 54, 55, 65], "summary": {"covered_lines": 31, "num_statements": 35, "percent_covered": 88.57142857142857, "percent_covered_display": "89", "missing_lines": 4, "excluded_lines": 0, "percent_statements_covered": 88.57142857142857, "percent_statements_covered_display": "89"}, "missing_lines": [48, 49, 62, 63], "excluded_lines": [], "functions": {"_require_local": {"executed_lines": [12, 13, 14], "summary": {"covered_lines": 3, "num_statements": 3, "percent_covered": 100.0, "percent_covered_display": "100", "missing_lines": 0, "excluded_lines": 0, "percent_statements_covered": 100.0, "percent_statements_covered_display": "100"}, "missing_lines": [], "excluded_lines": [], "start_line": 11}, "browse": {"executed_lines": [40, 41, 42, 43, 45, 46, 47, 51, 52, 53, 54, 55, 65], "summary": {"covered_lines": 13, "num_statements": 17, "percent_covered": 76.47058823529412, "percent_covered_display": "76", "missing_lines": 4, "excluded_lines": 0, "percent_statements_covered": 76.47058823529412, "percent_statements_covered_display": "76"}, "missing_lines": [48, 49, 62, 63], "excluded_lines": [], "start_line": 39}, "": {"executed_lines": [1, 3, 4, 6, 8, 11, 17, 18, 19, 20, 23, 24, 25, 28, 39], "summary": {"covered_lines": 15, "num_statements": 15, "percent_covered": 100.0, "percent_covered_display": "100", "missing_lines": 0, "excluded_lines": 0, "percent_statements_covered": 100.0, "percent_statements_covered_display": "100"}, "missing_lines": [], "excluded_lines": [], "start_line": 1}}, "classes": {"DirEntry": {"executed_lines": [], "summary": {"covered_lines": 0, "num_statements": 0, "percent_covered": 100.0, "percent_covered_display": "100", "missing_lines": 0, "excluded_lines": 0, "percent_statements_covered": 100.0, "percent_statements_covered_display": "100"}, "missing_lines": [], "excluded_lines": [], "start_line": 17}, "BrowseResponse": {"executed_lines": [], "summary": {"covered_lines": 0, "num_statements": 0, "percent_covered": 100.0, "percent_covered_display": "100", "missing_lines": 0, "excluded_lines": 0, "percent_statements_covered": 100.0, "percent_statements_covered_display": "100"}, "missing_lines": [], "excluded_lines": [], "start_line": 23}, "": {"executed_lines": [1, 3, 4, 6, 8, 11, 12, 13, 14, 17, 18, 19, 20, 23, 24, 25, 28, 39, 40, 41, 42, 43, 45, 46, 47, 51, 52, 53, 54, 55, 65], "summary": {"covered_lines": 31, "num_statements": 35, "percent_covered": 88.57142857142857, "percent_covered_display": "89", "missing_lines": 4, "excluded_lines": 0, "percent_statements_covered": 88.57142857142857, "percent_statements_covered_display": "89"}, "missing_lines": [48, 49, 62, 63], "excluded_lines": [], "start_line": 1}}}, "app/api/routes/init.py": {"executed_lines": [1, 3, 4, 5, 6, 8, 9, 10, 11, 12, 14, 17, 18, 19, 22, 23, 24, 25, 28, 38, 39], "summary": {"covered_lines": 21, "num_statements": 33, "percent_covered": 63.63636363636363, "percent_covered_display": "64", "missing_lines": 12, "excluded_lines": 0, "percent_statements_covered": 63.63636363636363, "percent_statements_covered_display": "64"}, "missing_lines": [45, 46, 51, 52, 53, 54, 55, 57, 59, 66, 67, 69], "excluded_lines": [], "functions": {"init_workspace": {"executed_lines": [39], "summary": {"covered_lines": 1, "num_statements": 13, "percent_covered": 7.6923076923076925, "percent_covered_display": "8", "missing_lines": 12, "excluded_lines": 0, "percent_statements_covered": 7.6923076923076925, "percent_statements_covered_display": "8"}, "missing_lines": [45, 46, 51, 52, 53, 54, 55, 57, 59, 66, 67, 69], "excluded_lines": [], "start_line": 38}, "": {"executed_lines": [1, 3, 4, 5, 6, 8, 9, 10, 11, 12, 14, 17, 18, 19, 22, 23, 24, 25, 28, 38], "summary": {"covered_lines": 20, "num_statements": 20, "percent_covered": 100.0, "percent_covered_display": "100", "missing_lines": 0, "excluded_lines": 0, "percent_statements_covered": 100.0, "percent_statements_covered_display": "100"}, "missing_lines": [], "excluded_lines": [], "start_line": 1}}, "classes": {"InitRequest": {"executed_lines": [], "summary": {"covered_lines": 0, "num_statements": 0, "percent_covered": 100.0, "percent_covered_display": "100", "missing_lines": 0, "excluded_lines": 0, "percent_statements_covered": 100.0, "percent_statements_covered_display": "100"}, "missing_lines": [], "excluded_lines": [], "start_line": 17}, "InitResponse": {"executed_lines": [], "summary": {"covered_lines": 0, "num_statements": 0, "percent_covered": 100.0, "percent_covered_display": "100", "missing_lines": 0, "excluded_lines": 0, "percent_statements_covered": 100.0, "percent_statements_covered_display": "100"}, "missing_lines": [], "excluded_lines": [], "start_line": 22}, "": {"executed_lines": [1, 3, 4, 5, 6, 8, 9, 10, 11, 12, 14, 17, 18, 19, 22, 23, 24, 25, 28, 38, 39], "summary": {"covered_lines": 21, "num_statements": 33, "percent_covered": 63.63636363636363, "percent_covered_display": "64", "missing_lines": 12, "excluded_lines": 0, "percent_statements_covered": 63.63636363636363, "percent_statements_covered_display": "64"}, "missing_lines": [45, 46, 51, 52, 53, 54, 55, 57, 59, 66, 67, 69], "excluded_lines": [], "start_line": 1}}}, "app/api/routes/tickets.py": {"executed_lines": [1, 2, 3, 5, 6, 7, 8, 10, 11, 12, 13, 14, 15, 16, 18, 21, 22, 24, 25, 26, 27, 29, 32, 33, 36, 41, 42, 43, 44, 45, 52, 53, 54, 55, 56, 59, 60, 61, 62, 65, 66, 67, 68, 71, 72, 75, 76, 77, 78, 79, 81, 82, 83, 84, 85, 86, 89, 90, 93, 94, 95, 96, 97, 98, 99, 100, 101, 102, 104, 107, 108, 109, 111, 112, 113, 114, 116, 119, 120, 121, 123, 126, 127, 130, 135, 136, 171, 177, 178, 179, 181, 182, 185, 191, 197, 203, 209, 215, 221, 227, 244, 250, 263, 269, 270, 271, 273, 284, 285, 290, 296, 297, 300, 311, 316, 332, 338, 343, 352, 358, 364, 365, 366, 367, 368], "summary": {"covered_lines": 125, "num_statements": 191, "percent_covered": 65.44502617801047, "percent_covered_display": "65", "missing_lines": 66, "excluded_lines": 0, "percent_statements_covered": 65.44502617801047, "percent_statements_covered_display": "65"}, "missing_lines": [28, 115, 143, 144, 145, 146, 147, 148, 149, 150, 151, 153, 154, 165, 166, 167, 168, 180, 192, 193, 194, 204, 205, 206, 216, 217, 218, 228, 229, 230, 231, 232, 233, 234, 235, 236, 237, 239, 240, 241, 251, 252, 253, 254, 255, 256, 257, 272, 286, 287, 317, 318, 319, 320, 321, 322, 323, 328, 329, 344, 345, 346, 347, 348, 349, 369], "excluded_lines": [], "functions": {"_WorkspaceIdModel.validate_workspace_id": {"executed_lines": [27, 29], "summary": {"covered_lines": 2, "num_statements": 3, "percent_covered": 66.66666666666667, "percent_covered_display": "67", "missing_lines": 1, "excluded_lines": 0, "percent_statements_covered": 66.66666666666667, "percent_statements_covered_display": "67"}, "missing_lines": [28], "excluded_lines": [], "start_line": 26}, "BulkImportRequest.validate_team_key": {"executed_lines": [84, 85, 86], "summary": {"covered_lines": 3, "num_statements": 3, "percent_covered": 100.0, "percent_covered_display": "100", "missing_lines": 0, "excluded_lines": 0, "percent_statements_covered": 100.0, "percent_statements_covered_display": "100"}, "missing_lines": [], "excluded_lines": [], "start_line": 83}, "ImplementTicketRequest.validate_prompt": {"executed_lines": [114, 116], "summary": {"covered_lines": 2, "num_statements": 3, "percent_covered": 66.66666666666667, "percent_covered_display": "67", "missing_lines": 1, "excluded_lines": 0, "percent_statements_covered": 66.66666666666667, "percent_statements_covered_display": "67"}, "missing_lines": [115], "excluded_lines": [], "start_line": 113}, "_upsert_ticket": {"executed_lines": [136], "summary": {"covered_lines": 1, "num_statements": 16, "percent_covered": 6.25, "percent_covered_display": "6", "missing_lines": 15, "excluded_lines": 0, "percent_statements_covered": 6.25, "percent_statements_covered_display": "6"}, "missing_lines": [143, 144, 145, 146, 147, 148, 149, 150, 151, 153, 154, 165, 166, 167, 168], "excluded_lines": [], "start_line": 135}, "import_ticket": {"executed_lines": [178, 179, 181, 182], "summary": {"covered_lines": 4, "num_statements": 5, "percent_covered": 80.0, "percent_covered_display": "80", "missing_lines": 1, "excluded_lines": 0, "percent_statements_covered": 80.0, "percent_statements_covered_display": "80"}, "missing_lines": [180], "excluded_lines": [], "start_line": 177}, "fetch_github_issue": {"executed_lines": [], "summary": {"covered_lines": 0, "num_statements": 3, "percent_covered": 0.0, "percent_covered_display": "0", "missing_lines": 3, "excluded_lines": 0, "percent_statements_covered": 0.0, "percent_statements_covered_display": "0"}, "missing_lines": [192, 193, 194], "excluded_lines": [], "start_line": 191}, "fetch_linear_issue": {"executed_lines": [], "summary": {"covered_lines": 0, "num_statements": 3, "percent_covered": 0.0, "percent_covered_display": "0", "missing_lines": 3, "excluded_lines": 0, "percent_statements_covered": 0.0, "percent_statements_covered_display": "0"}, "missing_lines": [204, 205, 206], "excluded_lines": [], "start_line": 203}, "fetch_asana_task": {"executed_lines": [], "summary": {"covered_lines": 0, "num_statements": 3, "percent_covered": 0.0, "percent_covered_display": "0", "missing_lines": 3, "excluded_lines": 0, "percent_statements_covered": 0.0, "percent_statements_covered_display": "0"}, "missing_lines": [216, 217, 218], "excluded_lines": [], "start_line": 215}, "bulk_import": {"executed_lines": [], "summary": {"covered_lines": 0, "num_statements": 13, "percent_covered": 0.0, "percent_covered_display": "0", "missing_lines": 13, "excluded_lines": 0, "percent_statements_covered": 0.0, "percent_statements_covered_display": "0"}, "missing_lines": [228, 229, 230, 231, 232, 233, 234, 235, 236, 237, 239, 240, 241], "excluded_lines": [], "start_line": 227}, "fetch_url": {"executed_lines": [], "summary": {"covered_lines": 0, "num_statements": 7, "percent_covered": 0.0, "percent_covered_display": "0", "missing_lines": 7, "excluded_lines": 0, "percent_statements_covered": 0.0, "percent_statements_covered_display": "0"}, "missing_lines": [251, 252, 253, 254, 255, 256, 257], "excluded_lines": [], "start_line": 250}, "create_ticket": {"executed_lines": [270, 271, 273, 284, 285], "summary": {"covered_lines": 5, "num_statements": 8, "percent_covered": 62.5, "percent_covered_display": "62", "missing_lines": 3, "excluded_lines": 0, "percent_statements_covered": 62.5, "percent_statements_covered_display": "62"}, "missing_lines": [272, 286, 287], "excluded_lines": [], "start_line": 269}, "get_ticket": {"executed_lines": [297], "summary": {"covered_lines": 1, "num_statements": 1, "percent_covered": 100.0, "percent_covered_display": "100", "missing_lines": 0, "excluded_lines": 0, "percent_statements_covered": 100.0, "percent_statements_covered_display": "100"}, "missing_lines": [], "excluded_lines": [], "start_line": 296}, "implement_ticket": {"executed_lines": [316], "summary": {"covered_lines": 1, "num_statements": 10, "percent_covered": 10.0, "percent_covered_display": "10", "missing_lines": 9, "excluded_lines": 0, "percent_statements_covered": 10.0, "percent_statements_covered_display": "10"}, "missing_lines": [317, 318, 319, 320, 321, 322, 323, 328, 329], "excluded_lines": [], "start_line": 311}, "assign_ticket_workspace": {"executed_lines": [343], "summary": {"covered_lines": 1, "num_statements": 7, "percent_covered": 14.285714285714286, "percent_covered_display": "14", "missing_lines": 6, "excluded_lines": 0, "percent_statements_covered": 14.285714285714286, "percent_statements_covered_display": "14"}, "missing_lines": [344, 345, 346, 347, 348, 349], "excluded_lines": [], "start_line": 338}, "list_tickets": {"executed_lines": [364, 365, 366, 367, 368], "summary": {"covered_lines": 5, "num_statements": 6, "percent_covered": 83.33333333333333, "percent_covered_display": "83", "missing_lines": 1, "excluded_lines": 0, "percent_statements_covered": 83.33333333333333, "percent_statements_covered_display": "83"}, "missing_lines": [369], "excluded_lines": [], "start_line": 358}, "": {"executed_lines": [1, 2, 3, 5, 6, 7, 8, 10, 11, 12, 13, 14, 15, 16, 18, 21, 22, 24, 25, 26, 32, 33, 36, 41, 42, 43, 44, 45, 52, 53, 54, 55, 56, 59, 60, 61, 62, 65, 66, 67, 68, 71, 72, 75, 76, 77, 78, 79, 81, 82, 83, 89, 90, 93, 94, 95, 96, 97, 98, 99, 100, 101, 102, 104, 107, 108, 109, 111, 112, 113, 119, 120, 121, 123, 126, 127, 130, 135, 171, 177, 185, 191, 197, 203, 209, 215, 221, 227, 244, 250, 263, 269, 290, 296, 300, 311, 332, 338, 352, 358], "summary": {"covered_lines": 100, "num_statements": 100, "percent_covered": 100.0, "percent_covered_display": "100", "missing_lines": 0, "excluded_lines": 0, "percent_statements_covered": 100.0, "percent_statements_covered_display": "100"}, "missing_lines": [], "excluded_lines": [], "start_line": 1}}, "classes": {"_WorkspaceIdModel": {"executed_lines": [27, 29], "summary": {"covered_lines": 2, "num_statements": 3, "percent_covered": 66.66666666666667, "percent_covered_display": "67", "missing_lines": 1, "excluded_lines": 0, "percent_statements_covered": 66.66666666666667, "percent_statements_covered_display": "67"}, "missing_lines": [28], "excluded_lines": [], "start_line": 21}, "ImportTicketRequest": {"executed_lines": [], "summary": {"covered_lines": 0, "num_statements": 0, "percent_covered": 100.0, "percent_covered_display": "100", "missing_lines": 0, "excluded_lines": 0, "percent_statements_covered": 100.0, "percent_statements_covered_display": "100"}, "missing_lines": [], "excluded_lines": [], "start_line": 32}, "CreateTicketRequest": {"executed_lines": [], "summary": {"covered_lines": 0, "num_statements": 0, "percent_covered": 100.0, "percent_covered_display": "100", "missing_lines": 0, "excluded_lines": 0, "percent_statements_covered": 100.0, "percent_statements_covered_display": "100"}, "missing_lines": [], "excluded_lines": [], "start_line": 41}, "FetchGitHubIssueRequest": {"executed_lines": [], "summary": {"covered_lines": 0, "num_statements": 0, "percent_covered": 100.0, "percent_covered_display": "100", "missing_lines": 0, "excluded_lines": 0, "percent_statements_covered": 100.0, "percent_statements_covered_display": "100"}, "missing_lines": [], "excluded_lines": [], "start_line": 52}, "FetchLinearIssueRequest": {"executed_lines": [], "summary": {"covered_lines": 0, "num_statements": 0, "percent_covered": 100.0, "percent_covered_display": "100", "missing_lines": 0, "excluded_lines": 0, "percent_statements_covered": 100.0, "percent_statements_covered_display": "100"}, "missing_lines": [], "excluded_lines": [], "start_line": 59}, "FetchAsanaTaskRequest": {"executed_lines": [], "summary": {"covered_lines": 0, "num_statements": 0, "percent_covered": 100.0, "percent_covered_display": "100", "missing_lines": 0, "excluded_lines": 0, "percent_statements_covered": 100.0, "percent_statements_covered_display": "100"}, "missing_lines": [], "excluded_lines": [], "start_line": 65}, "BulkImportRequest": {"executed_lines": [84, 85, 86], "summary": {"covered_lines": 3, "num_statements": 3, "percent_covered": 100.0, "percent_covered_display": "100", "missing_lines": 0, "excluded_lines": 0, "percent_statements_covered": 100.0, "percent_statements_covered_display": "100"}, "missing_lines": [], "excluded_lines": [], "start_line": 71}, "FetchUrlRequest": {"executed_lines": [], "summary": {"covered_lines": 0, "num_statements": 0, "percent_covered": 100.0, "percent_covered_display": "100", "missing_lines": 0, "excluded_lines": 0, "percent_statements_covered": 100.0, "percent_statements_covered_display": "100"}, "missing_lines": [], "excluded_lines": [], "start_line": 89}, "TicketResponse": {"executed_lines": [], "summary": {"covered_lines": 0, "num_statements": 0, "percent_covered": 100.0, "percent_covered_display": "100", "missing_lines": 0, "excluded_lines": 0, "percent_statements_covered": 100.0, "percent_statements_covered_display": "100"}, "missing_lines": [], "excluded_lines": [], "start_line": 93}, "ImplementTicketRequest": {"executed_lines": [114, 116], "summary": {"covered_lines": 2, "num_statements": 3, "percent_covered": 66.66666666666667, "percent_covered_display": "67", "missing_lines": 1, "excluded_lines": 0, "percent_statements_covered": 66.66666666666667, "percent_statements_covered_display": "67"}, "missing_lines": [115], "excluded_lines": [], "start_line": 107}, "ImplementTicketResponse": {"executed_lines": [], "summary": {"covered_lines": 0, "num_statements": 0, "percent_covered": 100.0, "percent_covered_display": "100", "missing_lines": 0, "excluded_lines": 0, "percent_statements_covered": 100.0, "percent_statements_covered_display": "100"}, "missing_lines": [], "excluded_lines": [], "start_line": 119}, "AssignTicketWorkspaceRequest": {"executed_lines": [], "summary": {"covered_lines": 0, "num_statements": 0, "percent_covered": 100.0, "percent_covered_display": "100", "missing_lines": 0, "excluded_lines": 0, "percent_statements_covered": 100.0, "percent_statements_covered_display": "100"}, "missing_lines": [], "excluded_lines": [], "start_line": 126}, "": {"executed_lines": [1, 2, 3, 5, 6, 7, 8, 10, 11, 12, 13, 14, 15, 16, 18, 21, 22, 24, 25, 26, 32, 33, 36, 41, 42, 43, 44, 45, 52, 53, 54, 55, 56, 59, 60, 61, 62, 65, 66, 67, 68, 71, 72, 75, 76, 77, 78, 79, 81, 82, 83, 89, 90, 93, 94, 95, 96, 97, 98, 99, 100, 101, 102, 104, 107, 108, 109, 111, 112, 113, 119, 120, 121, 123, 126, 127, 130, 135, 136, 171, 177, 178, 179, 181, 182, 185, 191, 197, 203, 209, 215, 221, 227, 244, 250, 263, 269, 270, 271, 273, 284, 285, 290, 296, 297, 300, 311, 316, 332, 338, 343, 352, 358, 364, 365, 366, 367, 368], "summary": {"covered_lines": 118, "num_statements": 182, "percent_covered": 64.83516483516483, "percent_covered_display": "65", "missing_lines": 64, "excluded_lines": 0, "percent_statements_covered": 64.83516483516483, "percent_statements_covered_display": "65"}, "missing_lines": [143, 144, 145, 146, 147, 148, 149, 150, 151, 153, 154, 165, 166, 167, 168, 180, 192, 193, 194, 204, 205, 206, 216, 217, 218, 228, 229, 230, 231, 232, 233, 234, 235, 236, 237, 239, 240, 241, 251, 252, 253, 254, 255, 256, 257, 272, 286, 287, 317, 318, 319, 320, 321, 322, 323, 328, 329, 344, 345, 346, 347, 348, 349, 369], "excluded_lines": [], "start_line": 1}}}, "app/api/routes/workspaces.py": {"executed_lines": [1, 2, 3, 4, 6, 7, 8, 9, 11, 12, 14, 17, 18, 19, 21, 22, 23, 24, 25, 26, 29, 30, 31, 32, 33, 35, 38, 39, 40, 43, 44, 45, 46, 58, 64, 68, 69, 74, 75, 80, 86, 87, 91, 97, 98, 101, 107, 112, 125, 131, 132], "summary": {"covered_lines": 51, "num_statements": 70, "percent_covered": 72.85714285714286, "percent_covered_display": "73", "missing_lines": 19, "excluded_lines": 0, "percent_statements_covered": 72.85714285714286, "percent_statements_covered_display": "73"}, "missing_lines": [47, 53, 54, 55, 76, 77, 88, 113, 114, 115, 116, 117, 118, 119, 120, 121, 122, 133, 134], "excluded_lines": [], "functions": {"CreateWorkspaceRequest.not_blank": {"executed_lines": [24, 25, 26], "summary": {"covered_lines": 3, "num_statements": 3, "percent_covered": 100.0, "percent_covered_display": "100", "missing_lines": 0, "excluded_lines": 0, "percent_statements_covered": 100.0, "percent_statements_covered_display": "100"}, "missing_lines": [], "excluded_lines": [], "start_line": 23}, "_validate_git_repo": {"executed_lines": [44, 45, 46], "summary": {"covered_lines": 3, "num_statements": 7, "percent_covered": 42.857142857142854, "percent_covered_display": "43", "missing_lines": 4, "excluded_lines": 0, "percent_statements_covered": 42.857142857142854, "percent_statements_covered_display": "43"}, "missing_lines": [47, 53, 54, 55], "excluded_lines": [], "start_line": 43}, "create_workspace": {"executed_lines": [68, 69, 74, 75], "summary": {"covered_lines": 4, "num_statements": 6, "percent_covered": 66.66666666666667, "percent_covered_display": "67", "missing_lines": 2, "excluded_lines": 0, "percent_statements_covered": 66.66666666666667, "percent_statements_covered_display": "67"}, "missing_lines": [76, 77], "excluded_lines": [], "start_line": 64}, "list_workspaces": {"executed_lines": [87], "summary": {"covered_lines": 1, "num_statements": 2, "percent_covered": 50.0, "percent_covered_display": "50", "missing_lines": 1, "excluded_lines": 0, "percent_statements_covered": 50.0, "percent_statements_covered_display": "50"}, "missing_lines": [88], "excluded_lines": [], "start_line": 86}, "get_workspace": {"executed_lines": [98], "summary": {"covered_lines": 1, "num_statements": 1, "percent_covered": 100.0, "percent_covered_display": "100", "missing_lines": 0, "excluded_lines": 0, "percent_statements_covered": 100.0, "percent_statements_covered_display": "100"}, "missing_lines": [], "excluded_lines": [], "start_line": 97}, "update_workspace": {"executed_lines": [112], "summary": {"covered_lines": 1, "num_statements": 11, "percent_covered": 9.090909090909092, "percent_covered_display": "9", "missing_lines": 10, "excluded_lines": 0, "percent_statements_covered": 9.090909090909092, "percent_statements_covered_display": "9"}, "missing_lines": [113, 114, 115, 116, 117, 118, 119, 120, 121, 122], "excluded_lines": [], "start_line": 107}, "delete_workspace": {"executed_lines": [132], "summary": {"covered_lines": 1, "num_statements": 3, "percent_covered": 33.333333333333336, "percent_covered_display": "33", "missing_lines": 2, "excluded_lines": 0, "percent_statements_covered": 33.333333333333336, "percent_statements_covered_display": "33"}, "missing_lines": [133, 134], "excluded_lines": [], "start_line": 131}, "": {"executed_lines": [1, 2, 3, 4, 6, 7, 8, 9, 11, 12, 14, 17, 18, 19, 21, 22, 23, 29, 30, 31, 32, 33, 35, 38, 39, 40, 43, 58, 64, 80, 86, 91, 97, 101, 107, 125, 131], "summary": {"covered_lines": 37, "num_statements": 37, "percent_covered": 100.0, "percent_covered_display": "100", "missing_lines": 0, "excluded_lines": 0, "percent_statements_covered": 100.0, "percent_statements_covered_display": "100"}, "missing_lines": [], "excluded_lines": [], "start_line": 1}}, "classes": {"CreateWorkspaceRequest": {"executed_lines": [24, 25, 26], "summary": {"covered_lines": 3, "num_statements": 3, "percent_covered": 100.0, "percent_covered_display": "100", "missing_lines": 0, "excluded_lines": 0, "percent_statements_covered": 100.0, "percent_statements_covered_display": "100"}, "missing_lines": [], "excluded_lines": [], "start_line": 17}, "WorkspaceResponse": {"executed_lines": [], "summary": {"covered_lines": 0, "num_statements": 0, "percent_covered": 100.0, "percent_covered_display": "100", "missing_lines": 0, "excluded_lines": 0, "percent_statements_covered": 100.0, "percent_statements_covered_display": "100"}, "missing_lines": [], "excluded_lines": [], "start_line": 29}, "UpdateWorkspaceRequest": {"executed_lines": [], "summary": {"covered_lines": 0, "num_statements": 0, "percent_covered": 100.0, "percent_covered_display": "100", "missing_lines": 0, "excluded_lines": 0, "percent_statements_covered": 100.0, "percent_statements_covered_display": "100"}, "missing_lines": [], "excluded_lines": [], "start_line": 38}, "": {"executed_lines": [1, 2, 3, 4, 6, 7, 8, 9, 11, 12, 14, 17, 18, 19, 21, 22, 23, 29, 30, 31, 32, 33, 35, 38, 39, 40, 43, 44, 45, 46, 58, 64, 68, 69, 74, 75, 80, 86, 87, 91, 97, 98, 101, 107, 112, 125, 131, 132], "summary": {"covered_lines": 48, "num_statements": 67, "percent_covered": 71.64179104477611, "percent_covered_display": "72", "missing_lines": 19, "excluded_lines": 0, "percent_statements_covered": 71.64179104477611, "percent_statements_covered_display": "72"}, "missing_lines": [47, 53, 54, 55, 76, 77, 88, 113, 114, 115, 116, 117, 118, 119, 120, 121, 122, 133, 134], "excluded_lines": [], "start_line": 1}}}, "app/core/__init__.py": {"executed_lines": [], "summary": {"covered_lines": 0, "num_statements": 0, "percent_covered": 100.0, "percent_covered_display": "100", "missing_lines": 0, "excluded_lines": 0, "percent_statements_covered": 100.0, "percent_statements_covered_display": "100"}, "missing_lines": [], "excluded_lines": [], "functions": {"": {"executed_lines": [], "summary": {"covered_lines": 0, "num_statements": 0, "percent_covered": 100.0, "percent_covered_display": "100", "missing_lines": 0, "excluded_lines": 0, "percent_statements_covered": 100.0, "percent_statements_covered_display": "100"}, "missing_lines": [], "excluded_lines": [], "start_line": 1}}, "classes": {"": {"executed_lines": [], "summary": {"covered_lines": 0, "num_statements": 0, "percent_covered": 100.0, "percent_covered_display": "100", "missing_lines": 0, "excluded_lines": 0, "percent_statements_covered": 100.0, "percent_statements_covered_display": "100"}, "missing_lines": [], "excluded_lines": [], "start_line": 1}}}, "app/core/config.py": {"executed_lines": [1, 3, 4, 7, 9, 10, 13, 14, 15, 18, 19, 20, 23, 26, 29, 32, 35, 36, 38, 41], "summary": {"covered_lines": 20, "num_statements": 20, "percent_covered": 100.0, "percent_covered_display": "100", "missing_lines": 0, "excluded_lines": 0, "percent_statements_covered": 100.0, "percent_statements_covered_display": "100"}, "missing_lines": [], "excluded_lines": [], "functions": {"": {"executed_lines": [1, 3, 4, 7, 9, 10, 13, 14, 15, 18, 19, 20, 23, 26, 29, 32, 35, 36, 38, 41], "summary": {"covered_lines": 20, "num_statements": 20, "percent_covered": 100.0, "percent_covered_display": "100", "missing_lines": 0, "excluded_lines": 0, "percent_statements_covered": 100.0, "percent_statements_covered_display": "100"}, "missing_lines": [], "excluded_lines": [], "start_line": 1}}, "classes": {"Settings": {"executed_lines": [], "summary": {"covered_lines": 0, "num_statements": 0, "percent_covered": 100.0, "percent_covered_display": "100", "missing_lines": 0, "excluded_lines": 0, "percent_statements_covered": 100.0, "percent_statements_covered_display": "100"}, "missing_lines": [], "excluded_lines": [], "start_line": 7}, "": {"executed_lines": [1, 3, 4, 7, 9, 10, 13, 14, 15, 18, 19, 20, 23, 26, 29, 32, 35, 36, 38, 41], "summary": {"covered_lines": 20, "num_statements": 20, "percent_covered": 100.0, "percent_covered_display": "100", "missing_lines": 0, "excluded_lines": 0, "percent_statements_covered": 100.0, "percent_statements_covered_display": "100"}, "missing_lines": [], "excluded_lines": [], "start_line": 1}}}, "app/core/constants.py": {"executed_lines": [1, 4, 5, 6, 7, 8, 9, 12, 13, 14, 15, 16, 17, 18, 19, 20, 21], "summary": {"covered_lines": 17, "num_statements": 17, "percent_covered": 100.0, "percent_covered_display": "100", "missing_lines": 0, "excluded_lines": 0, "percent_statements_covered": 100.0, "percent_statements_covered_display": "100"}, "missing_lines": [], "excluded_lines": [], "functions": {"": {"executed_lines": [1, 4, 5, 6, 7, 8, 9, 12, 13, 14, 15, 16, 17, 18, 19, 20, 21], "summary": {"covered_lines": 17, "num_statements": 17, "percent_covered": 100.0, "percent_covered_display": "100", "missing_lines": 0, "excluded_lines": 0, "percent_statements_covered": 100.0, "percent_statements_covered_display": "100"}, "missing_lines": [], "excluded_lines": [], "start_line": 1}}, "classes": {"AgentStatus": {"executed_lines": [], "summary": {"covered_lines": 0, "num_statements": 0, "percent_covered": 100.0, "percent_covered_display": "100", "missing_lines": 0, "excluded_lines": 0, "percent_statements_covered": 100.0, "percent_statements_covered_display": "100"}, "missing_lines": [], "excluded_lines": [], "start_line": 4}, "EventType": {"executed_lines": [], "summary": {"covered_lines": 0, "num_statements": 0, "percent_covered": 100.0, "percent_covered_display": "100", "missing_lines": 0, "excluded_lines": 0, "percent_statements_covered": 100.0, "percent_statements_covered_display": "100"}, "missing_lines": [], "excluded_lines": [], "start_line": 12}, "": {"executed_lines": [1, 4, 5, 6, 7, 8, 9, 12, 13, 14, 15, 16, 17, 18, 19, 20, 21], "summary": {"covered_lines": 17, "num_statements": 17, "percent_covered": 100.0, "percent_covered_display": "100", "missing_lines": 0, "excluded_lines": 0, "percent_statements_covered": 100.0, "percent_statements_covered_display": "100"}, "missing_lines": [], "excluded_lines": [], "start_line": 1}}}, "app/core/database.py": {"executed_lines": [1, 3, 4, 5, 7, 9, 11, 12, 15, 16, 19, 25, 30, 31], "summary": {"covered_lines": 14, "num_statements": 22, "percent_covered": 63.63636363636363, "percent_covered_display": "64", "missing_lines": 8, "excluded_lines": 0, "percent_statements_covered": 63.63636363636363, "percent_statements_covered_display": "64"}, "missing_lines": [20, 21, 22, 26, 27, 32, 33, 34], "excluded_lines": [], "functions": {"init_db": {"executed_lines": [], "summary": {"covered_lines": 0, "num_statements": 3, "percent_covered": 0.0, "percent_covered_display": "0", "missing_lines": 3, "excluded_lines": 0, "percent_statements_covered": 0.0, "percent_statements_covered_display": "0"}, "missing_lines": [20, 21, 22], "excluded_lines": [], "start_line": 19}, "get_db": {"executed_lines": [], "summary": {"covered_lines": 0, "num_statements": 2, "percent_covered": 0.0, "percent_covered_display": "0", "missing_lines": 2, "excluded_lines": 0, "percent_statements_covered": 0.0, "percent_statements_covered_display": "0"}, "missing_lines": [26, 27], "excluded_lines": [], "start_line": 25}, "get_or_404": {"executed_lines": [31], "summary": {"covered_lines": 1, "num_statements": 4, "percent_covered": 25.0, "percent_covered_display": "25", "missing_lines": 3, "excluded_lines": 0, "percent_statements_covered": 25.0, "percent_statements_covered_display": "25"}, "missing_lines": [32, 33, 34], "excluded_lines": [], "start_line": 30}, "": {"executed_lines": [1, 3, 4, 5, 7, 9, 11, 12, 15, 16, 19, 25, 30], "summary": {"covered_lines": 13, "num_statements": 13, "percent_covered": 100.0, "percent_covered_display": "100", "missing_lines": 0, "excluded_lines": 0, "percent_statements_covered": 100.0, "percent_statements_covered_display": "100"}, "missing_lines": [], "excluded_lines": [], "start_line": 1}}, "classes": {"Base": {"executed_lines": [], "summary": {"covered_lines": 0, "num_statements": 0, "percent_covered": 100.0, "percent_covered_display": "100", "missing_lines": 0, "excluded_lines": 0, "percent_statements_covered": 100.0, "percent_statements_covered_display": "100"}, "missing_lines": [], "excluded_lines": [], "start_line": 15}, "": {"executed_lines": [1, 3, 4, 5, 7, 9, 11, 12, 15, 16, 19, 25, 30, 31], "summary": {"covered_lines": 14, "num_statements": 22, "percent_covered": 63.63636363636363, "percent_covered_display": "64", "missing_lines": 8, "excluded_lines": 0, "percent_statements_covered": 63.63636363636363, "percent_statements_covered_display": "64"}, "missing_lines": [20, 21, 22, 26, 27, 32, 33, 34], "excluded_lines": [], "start_line": 1}}}, "app/core/limiter.py": {"executed_lines": [1, 2, 3, 4, 5, 6, 7, 9, 10, 11, 12, 15, 16, 17, 18, 20, 21, 22, 23, 25, 26, 28, 29, 34, 37, 38], "summary": {"covered_lines": 26, "num_statements": 26, "percent_covered": 100.0, "percent_covered_display": "100", "missing_lines": 0, "excluded_lines": 0, "percent_statements_covered": 100.0, "percent_statements_covered_display": "100"}, "missing_lines": [], "excluded_lines": [], "functions": {"RateLimitMiddleware.dispatch": {"executed_lines": [17, 18, 20, 21, 22, 23, 25, 26, 28, 29, 34], "summary": {"covered_lines": 11, "num_statements": 11, "percent_covered": 100.0, "percent_covered_display": "100", "missing_lines": 0, "excluded_lines": 0, "percent_statements_covered": 100.0, "percent_statements_covered_display": "100"}, "missing_lines": [], "excluded_lines": [], "start_line": 16}, "reset_limits": {"executed_lines": [38], "summary": {"covered_lines": 1, "num_statements": 1, "percent_covered": 100.0, "percent_covered_display": "100", "missing_lines": 0, "excluded_lines": 0, "percent_statements_covered": 100.0, "percent_statements_covered_display": "100"}, "missing_lines": [], "excluded_lines": [], "start_line": 37}, "": {"executed_lines": [1, 2, 3, 4, 5, 6, 7, 9, 10, 11, 12, 15, 16, 37], "summary": {"covered_lines": 14, "num_statements": 14, "percent_covered": 100.0, "percent_covered_display": "100", "missing_lines": 0, "excluded_lines": 0, "percent_statements_covered": 100.0, "percent_statements_covered_display": "100"}, "missing_lines": [], "excluded_lines": [], "start_line": 1}}, "classes": {"RateLimitMiddleware": {"executed_lines": [17, 18, 20, 21, 22, 23, 25, 26, 28, 29, 34], "summary": {"covered_lines": 11, "num_statements": 11, "percent_covered": 100.0, "percent_covered_display": "100", "missing_lines": 0, "excluded_lines": 0, "percent_statements_covered": 100.0, "percent_statements_covered_display": "100"}, "missing_lines": [], "excluded_lines": [], "start_line": 15}, "": {"executed_lines": [1, 2, 3, 4, 5, 6, 7, 9, 10, 11, 12, 15, 16, 37, 38], "summary": {"covered_lines": 15, "num_statements": 15, "percent_covered": 100.0, "percent_covered_display": "100", "missing_lines": 0, "excluded_lines": 0, "percent_statements_covered": 100.0, "percent_statements_covered_display": "100"}, "missing_lines": [], "excluded_lines": [], "start_line": 1}}}, "app/core/logging_config.py": {"executed_lines": [1, 2, 3, 5, 8, 9, 24], "summary": {"covered_lines": 7, "num_statements": 24, "percent_covered": 29.166666666666668, "percent_covered_display": "29", "missing_lines": 17, "excluded_lines": 0, "percent_statements_covered": 29.166666666666668, "percent_statements_covered_display": "29"}, "missing_lines": [10, 16, 17, 18, 19, 20, 21, 25, 26, 27, 29, 30, 31, 33, 34, 35, 36], "excluded_lines": [], "functions": {"_JSONFormatter.format": {"executed_lines": [], "summary": {"covered_lines": 0, "num_statements": 7, "percent_covered": 0.0, "percent_covered_display": "0", "missing_lines": 7, "excluded_lines": 0, "percent_statements_covered": 0.0, "percent_statements_covered_display": "0"}, "missing_lines": [10, 16, 17, 18, 19, 20, 21], "excluded_lines": [], "start_line": 9}, "configure_logging": {"executed_lines": [], "summary": {"covered_lines": 0, "num_statements": 10, "percent_covered": 0.0, "percent_covered_display": "0", "missing_lines": 10, "excluded_lines": 0, "percent_statements_covered": 0.0, "percent_statements_covered_display": "0"}, "missing_lines": [25, 26, 27, 29, 30, 31, 33, 34, 35, 36], "excluded_lines": [], "start_line": 24}, "": {"executed_lines": [1, 2, 3, 5, 8, 9, 24], "summary": {"covered_lines": 7, "num_statements": 7, "percent_covered": 100.0, "percent_covered_display": "100", "missing_lines": 0, "excluded_lines": 0, "percent_statements_covered": 100.0, "percent_statements_covered_display": "100"}, "missing_lines": [], "excluded_lines": [], "start_line": 1}}, "classes": {"_JSONFormatter": {"executed_lines": [], "summary": {"covered_lines": 0, "num_statements": 7, "percent_covered": 0.0, "percent_covered_display": "0", "missing_lines": 7, "excluded_lines": 0, "percent_statements_covered": 0.0, "percent_statements_covered_display": "0"}, "missing_lines": [10, 16, 17, 18, 19, 20, 21], "excluded_lines": [], "start_line": 8}, "": {"executed_lines": [1, 2, 3, 5, 8, 9, 24], "summary": {"covered_lines": 7, "num_statements": 17, "percent_covered": 41.1764705882353, "percent_covered_display": "41", "missing_lines": 10, "excluded_lines": 0, "percent_statements_covered": 41.1764705882353, "percent_statements_covered_display": "41"}, "missing_lines": [25, 26, 27, 29, 30, 31, 33, 34, 35, 36], "excluded_lines": [], "start_line": 1}}}, "app/core/request_id.py": {"executed_lines": [1, 2, 4, 5, 7, 10, 11, 12, 13, 14, 15, 16, 18, 19, 20], "summary": {"covered_lines": 15, "num_statements": 15, "percent_covered": 100.0, "percent_covered_display": "100", "missing_lines": 0, "excluded_lines": 0, "percent_statements_covered": 100.0, "percent_statements_covered_display": "100"}, "missing_lines": [], "excluded_lines": [], "functions": {"RequestIDMiddleware.dispatch": {"executed_lines": [12, 13, 14, 15, 16, 18, 19, 20], "summary": {"covered_lines": 8, "num_statements": 8, "percent_covered": 100.0, "percent_covered_display": "100", "missing_lines": 0, "excluded_lines": 0, "percent_statements_covered": 100.0, "percent_statements_covered_display": "100"}, "missing_lines": [], "excluded_lines": [], "start_line": 11}, "": {"executed_lines": [1, 2, 4, 5, 7, 10, 11], "summary": {"covered_lines": 7, "num_statements": 7, "percent_covered": 100.0, "percent_covered_display": "100", "missing_lines": 0, "excluded_lines": 0, "percent_statements_covered": 100.0, "percent_statements_covered_display": "100"}, "missing_lines": [], "excluded_lines": [], "start_line": 1}}, "classes": {"RequestIDMiddleware": {"executed_lines": [12, 13, 14, 15, 16, 18, 19, 20], "summary": {"covered_lines": 8, "num_statements": 8, "percent_covered": 100.0, "percent_covered_display": "100", "missing_lines": 0, "excluded_lines": 0, "percent_statements_covered": 100.0, "percent_statements_covered_display": "100"}, "missing_lines": [], "excluded_lines": [], "start_line": 10}, "": {"executed_lines": [1, 2, 4, 5, 7, 10, 11], "summary": {"covered_lines": 7, "num_statements": 7, "percent_covered": 100.0, "percent_covered_display": "100", "missing_lines": 0, "excluded_lines": 0, "percent_statements_covered": 100.0, "percent_statements_covered_display": "100"}, "missing_lines": [], "excluded_lines": [], "start_line": 1}}}, "app/main.py": {"executed_lines": [1, 2, 3, 4, 5, 6, 7, 9, 10, 11, 12, 13, 14, 16, 17, 18, 19, 20, 21, 22, 24, 25, 28, 29, 30, 34, 35, 36, 39, 42, 43, 44, 46, 53, 54, 55, 58, 64, 65, 67, 72, 87, 133, 146, 147, 148, 149, 150, 151, 152, 157, 158, 169, 213, 238, 245, 246, 248, 251, 257, 258, 259, 260, 261, 262, 263, 265, 266, 267, 270, 272, 283, 288, 289, 292, 293, 297], "summary": {"covered_lines": 77, "num_statements": 122, "percent_covered": 63.114754098360656, "percent_covered_display": "63", "missing_lines": 45, "excluded_lines": 0, "percent_statements_covered": 63.114754098360656, "percent_statements_covered_display": "63"}, "missing_lines": [37, 89, 90, 92, 97, 98, 99, 100, 101, 102, 103, 104, 106, 112, 113, 115, 116, 117, 118, 134, 135, 136, 137, 138, 139, 140, 141, 142, 143, 159, 160, 161, 162, 163, 164, 166, 274, 275, 276, 277, 278, 279, 280, 290, 294], "excluded_lines": [], "functions": {"_find_ui_dir": {"executed_lines": [29, 30, 34, 35, 36], "summary": {"covered_lines": 5, "num_statements": 6, "percent_covered": 83.33333333333333, "percent_covered_display": "83", "missing_lines": 1, "excluded_lines": 0, "percent_statements_covered": 83.33333333333333, "percent_statements_covered_display": "83"}, "missing_lines": [37], "excluded_lines": [], "start_line": 28}, "_mark_stuck_agents": {"executed_lines": [43, 44, 46, 53, 54, 55, 58, 64, 65, 67, 72], "summary": {"covered_lines": 11, "num_statements": 11, "percent_covered": 100.0, "percent_covered_display": "100", "missing_lines": 0, "excluded_lines": 0, "percent_statements_covered": 100.0, "percent_statements_covered_display": "100"}, "missing_lines": [], "excluded_lines": [], "start_line": 42}, "_reap_dead_processes": {"executed_lines": [], "summary": {"covered_lines": 0, "num_statements": 18, "percent_covered": 0.0, "percent_covered_display": "0", "missing_lines": 18, "excluded_lines": 0, "percent_statements_covered": 0.0, "percent_statements_covered_display": "0"}, "missing_lines": [89, 90, 92, 97, 98, 99, 100, 101, 102, 103, 104, 106, 112, 113, 115, 116, 117, 118], "excluded_lines": [], "start_line": 87}, "_health_monitor": {"executed_lines": [], "summary": {"covered_lines": 0, "num_statements": 10, "percent_covered": 0.0, "percent_covered_display": "0", "missing_lines": 10, "excluded_lines": 0, "percent_statements_covered": 0.0, "percent_statements_covered_display": "0"}, "missing_lines": [134, 135, 136, 137, 138, 139, 140, 141, 142, 143], "excluded_lines": [], "start_line": 133}, "_validate_jwt_secret": {"executed_lines": [147, 148, 149, 150, 151, 152], "summary": {"covered_lines": 6, "num_statements": 6, "percent_covered": 100.0, "percent_covered_display": "100", "missing_lines": 0, "excluded_lines": 0, "percent_statements_covered": 100.0, "percent_statements_covered_display": "100"}, "missing_lines": [], "excluded_lines": [], "start_line": 146}, "lifespan": {"executed_lines": [], "summary": {"covered_lines": 0, "num_statements": 7, "percent_covered": 0.0, "percent_covered_display": "0", "missing_lines": 7, "excluded_lines": 0, "percent_statements_covered": 0.0, "percent_statements_covered_display": "0"}, "missing_lines": [159, 160, 161, 162, 163, 164, 166], "excluded_lines": [], "start_line": 158}, "health": {"executed_lines": [258, 259, 260, 261, 262, 263, 265, 266, 267], "summary": {"covered_lines": 9, "num_statements": 9, "percent_covered": 100.0, "percent_covered_display": "100", "missing_lines": 0, "excluded_lines": 0, "percent_statements_covered": 100.0, "percent_statements_covered_display": "100"}, "missing_lines": [], "excluded_lines": [], "start_line": 257}, "_shell_response": {"executed_lines": [], "summary": {"covered_lines": 0, "num_statements": 7, "percent_covered": 0.0, "percent_covered_display": "0", "missing_lines": 7, "excluded_lines": 0, "percent_statements_covered": 0.0, "percent_statements_covered_display": "0"}, "missing_lines": [274, 275, 276, 277, 278, 279, 280], "excluded_lines": [], "start_line": 272}, "_ticket_shell": {"executed_lines": [], "summary": {"covered_lines": 0, "num_statements": 1, "percent_covered": 0.0, "percent_covered_display": "0", "missing_lines": 1, "excluded_lines": 0, "percent_statements_covered": 0.0, "percent_statements_covered_display": "0"}, "missing_lines": [290], "excluded_lines": [], "start_line": 289}, "_agent_shell": {"executed_lines": [], "summary": {"covered_lines": 0, "num_statements": 1, "percent_covered": 0.0, "percent_covered_display": "0", "missing_lines": 1, "excluded_lines": 0, "percent_statements_covered": 0.0, "percent_statements_covered_display": "0"}, "missing_lines": [294], "excluded_lines": [], "start_line": 293}, "": {"executed_lines": [1, 2, 3, 4, 5, 6, 7, 9, 10, 11, 12, 13, 14, 16, 17, 18, 19, 20, 21, 22, 24, 25, 28, 39, 42, 87, 133, 146, 157, 158, 169, 213, 238, 245, 246, 248, 251, 257, 270, 272, 283, 288, 289, 292, 293, 297], "summary": {"covered_lines": 46, "num_statements": 46, "percent_covered": 100.0, "percent_covered_display": "100", "missing_lines": 0, "excluded_lines": 0, "percent_statements_covered": 100.0, "percent_statements_covered_display": "100"}, "missing_lines": [], "excluded_lines": [], "start_line": 1}}, "classes": {"": {"executed_lines": [1, 2, 3, 4, 5, 6, 7, 9, 10, 11, 12, 13, 14, 16, 17, 18, 19, 20, 21, 22, 24, 25, 28, 29, 30, 34, 35, 36, 39, 42, 43, 44, 46, 53, 54, 55, 58, 64, 65, 67, 72, 87, 133, 146, 147, 148, 149, 150, 151, 152, 157, 158, 169, 213, 238, 245, 246, 248, 251, 257, 258, 259, 260, 261, 262, 263, 265, 266, 267, 270, 272, 283, 288, 289, 292, 293, 297], "summary": {"covered_lines": 77, "num_statements": 122, "percent_covered": 63.114754098360656, "percent_covered_display": "63", "missing_lines": 45, "excluded_lines": 0, "percent_statements_covered": 63.114754098360656, "percent_statements_covered_display": "63"}, "missing_lines": [37, 89, 90, 92, 97, 98, 99, 100, 101, 102, 103, 104, 106, 112, 113, 115, 116, 117, 118, 134, 135, 136, 137, 138, 139, 140, 141, 142, 143, 159, 160, 161, 162, 163, 164, 166, 274, 275, 276, 277, 278, 279, 280, 290, 294], "excluded_lines": [], "start_line": 1}}}, "app/models/__init__.py": {"executed_lines": [2, 3, 4, 5, 7], "summary": {"covered_lines": 5, "num_statements": 5, "percent_covered": 100.0, "percent_covered_display": "100", "missing_lines": 0, "excluded_lines": 0, "percent_statements_covered": 100.0, "percent_statements_covered_display": "100"}, "missing_lines": [], "excluded_lines": [], "functions": {"": {"executed_lines": [2, 3, 4, 5, 7], "summary": {"covered_lines": 5, "num_statements": 5, "percent_covered": 100.0, "percent_covered_display": "100", "missing_lines": 0, "excluded_lines": 0, "percent_statements_covered": 100.0, "percent_statements_covered_display": "100"}, "missing_lines": [], "excluded_lines": [], "start_line": 1}}, "classes": {"": {"executed_lines": [2, 3, 4, 5, 7], "summary": {"covered_lines": 5, "num_statements": 5, "percent_covered": 100.0, "percent_covered_display": "100", "missing_lines": 0, "excluded_lines": 0, "percent_statements_covered": 100.0, "percent_statements_covered_display": "100"}, "missing_lines": [], "excluded_lines": [], "start_line": 1}}}, "app/models/agent.py": {"executed_lines": [1, 2, 4, 5, 7, 10, 11, 13, 14, 15, 18, 20, 21, 24, 26, 27], "summary": {"covered_lines": 16, "num_statements": 16, "percent_covered": 100.0, "percent_covered_display": "100", "missing_lines": 0, "excluded_lines": 0, "percent_statements_covered": 100.0, "percent_statements_covered_display": "100"}, "missing_lines": [], "excluded_lines": [], "functions": {"": {"executed_lines": [1, 2, 4, 5, 7, 10, 11, 13, 14, 15, 18, 20, 21, 24, 26, 27], "summary": {"covered_lines": 16, "num_statements": 16, "percent_covered": 100.0, "percent_covered_display": "100", "missing_lines": 0, "excluded_lines": 0, "percent_statements_covered": 100.0, "percent_statements_covered_display": "100"}, "missing_lines": [], "excluded_lines": [], "start_line": 1}}, "classes": {"Agent": {"executed_lines": [], "summary": {"covered_lines": 0, "num_statements": 0, "percent_covered": 100.0, "percent_covered_display": "100", "missing_lines": 0, "excluded_lines": 0, "percent_statements_covered": 100.0, "percent_statements_covered_display": "100"}, "missing_lines": [], "excluded_lines": [], "start_line": 10}, "": {"executed_lines": [1, 2, 4, 5, 7, 10, 11, 13, 14, 15, 18, 20, 21, 24, 26, 27], "summary": {"covered_lines": 16, "num_statements": 16, "percent_covered": 100.0, "percent_covered_display": "100", "missing_lines": 0, "excluded_lines": 0, "percent_statements_covered": 100.0, "percent_statements_covered_display": "100"}, "missing_lines": [], "excluded_lines": [], "start_line": 1}}}, "app/models/event.py": {"executed_lines": [1, 2, 3, 5, 6, 7, 8, 10, 12, 15, 17, 19, 20, 21, 22, 25, 28, 31, 32, 33, 36, 38], "summary": {"covered_lines": 22, "num_statements": 22, "percent_covered": 100.0, "percent_covered_display": "100", "missing_lines": 0, "excluded_lines": 0, "percent_statements_covered": 100.0, "percent_statements_covered_display": "100"}, "missing_lines": [], "excluded_lines": [], "functions": {"": {"executed_lines": [1, 2, 3, 5, 6, 7, 8, 10, 12, 15, 17, 19, 20, 21, 22, 25, 28, 31, 32, 33, 36, 38], "summary": {"covered_lines": 22, "num_statements": 22, "percent_covered": 100.0, "percent_covered_display": "100", "missing_lines": 0, "excluded_lines": 0, "percent_statements_covered": 100.0, "percent_statements_covered_display": "100"}, "missing_lines": [], "excluded_lines": [], "start_line": 1}}, "classes": {"AgentEvent": {"executed_lines": [], "summary": {"covered_lines": 0, "num_statements": 0, "percent_covered": 100.0, "percent_covered_display": "100", "missing_lines": 0, "excluded_lines": 0, "percent_statements_covered": 100.0, "percent_statements_covered_display": "100"}, "missing_lines": [], "excluded_lines": [], "start_line": 15}, "": {"executed_lines": [1, 2, 3, 5, 6, 7, 8, 10, 12, 15, 17, 19, 20, 21, 22, 25, 28, 31, 32, 33, 36, 38], "summary": {"covered_lines": 22, "num_statements": 22, "percent_covered": 100.0, "percent_covered_display": "100", "missing_lines": 0, "excluded_lines": 0, "percent_statements_covered": 100.0, "percent_statements_covered_display": "100"}, "missing_lines": [], "excluded_lines": [], "start_line": 1}}}, "app/models/ticket.py": {"executed_lines": [1, 2, 3, 5, 6, 7, 8, 10, 13, 16, 17, 19, 20, 23, 24, 27, 28, 29, 32, 35, 37, 38], "summary": {"covered_lines": 22, "num_statements": 22, "percent_covered": 100.0, "percent_covered_display": "100", "missing_lines": 0, "excluded_lines": 0, "percent_statements_covered": 100.0, "percent_statements_covered_display": "100"}, "missing_lines": [], "excluded_lines": [], "functions": {"": {"executed_lines": [1, 2, 3, 5, 6, 7, 8, 10, 13, 16, 17, 19, 20, 23, 24, 27, 28, 29, 32, 35, 37, 38], "summary": {"covered_lines": 22, "num_statements": 22, "percent_covered": 100.0, "percent_covered_display": "100", "missing_lines": 0, "excluded_lines": 0, "percent_statements_covered": 100.0, "percent_statements_covered_display": "100"}, "missing_lines": [], "excluded_lines": [], "start_line": 1}}, "classes": {"Ticket": {"executed_lines": [], "summary": {"covered_lines": 0, "num_statements": 0, "percent_covered": 100.0, "percent_covered_display": "100", "missing_lines": 0, "excluded_lines": 0, "percent_statements_covered": 100.0, "percent_statements_covered_display": "100"}, "missing_lines": [], "excluded_lines": [], "start_line": 16}, "": {"executed_lines": [1, 2, 3, 5, 6, 7, 8, 10, 13, 16, 17, 19, 20, 23, 24, 27, 28, 29, 32, 35, 37, 38], "summary": {"covered_lines": 22, "num_statements": 22, "percent_covered": 100.0, "percent_covered_display": "100", "missing_lines": 0, "excluded_lines": 0, "percent_statements_covered": 100.0, "percent_statements_covered_display": "100"}, "missing_lines": [], "excluded_lines": [], "start_line": 1}}}, "app/models/workspace.py": {"executed_lines": [1, 2, 4, 5, 7, 10, 11, 13, 14, 15, 17], "summary": {"covered_lines": 11, "num_statements": 11, "percent_covered": 100.0, "percent_covered_display": "100", "missing_lines": 0, "excluded_lines": 0, "percent_statements_covered": 100.0, "percent_statements_covered_display": "100"}, "missing_lines": [], "excluded_lines": [], "functions": {"": {"executed_lines": [1, 2, 4, 5, 7, 10, 11, 13, 14, 15, 17], "summary": {"covered_lines": 11, "num_statements": 11, "percent_covered": 100.0, "percent_covered_display": "100", "missing_lines": 0, "excluded_lines": 0, "percent_statements_covered": 100.0, "percent_statements_covered_display": "100"}, "missing_lines": [], "excluded_lines": [], "start_line": 1}}, "classes": {"Workspace": {"executed_lines": [], "summary": {"covered_lines": 0, "num_statements": 0, "percent_covered": 100.0, "percent_covered_display": "100", "missing_lines": 0, "excluded_lines": 0, "percent_statements_covered": 100.0, "percent_statements_covered_display": "100"}, "missing_lines": [], "excluded_lines": [], "start_line": 10}, "": {"executed_lines": [1, 2, 4, 5, 7, 10, 11, 13, 14, 15, 17], "summary": {"covered_lines": 11, "num_statements": 11, "percent_covered": 100.0, "percent_covered_display": "100", "missing_lines": 0, "excluded_lines": 0, "percent_statements_covered": 100.0, "percent_statements_covered_display": "100"}, "missing_lines": [], "excluded_lines": [], "start_line": 1}}}, "app/services/__init__.py": {"executed_lines": [], "summary": {"covered_lines": 0, "num_statements": 0, "percent_covered": 100.0, "percent_covered_display": "100", "missing_lines": 0, "excluded_lines": 0, "percent_statements_covered": 100.0, "percent_statements_covered_display": "100"}, "missing_lines": [], "excluded_lines": [], "functions": {"": {"executed_lines": [], "summary": {"covered_lines": 0, "num_statements": 0, "percent_covered": 100.0, "percent_covered_display": "100", "missing_lines": 0, "excluded_lines": 0, "percent_statements_covered": 100.0, "percent_statements_covered_display": "100"}, "missing_lines": [], "excluded_lines": [], "start_line": 1}}, "classes": {"": {"executed_lines": [], "summary": {"covered_lines": 0, "num_statements": 0, "percent_covered": 100.0, "percent_covered_display": "100", "missing_lines": 0, "excluded_lines": 0, "percent_statements_covered": 100.0, "percent_statements_covered_display": "100"}, "missing_lines": [], "excluded_lines": [], "start_line": 1}}}, "app/services/adapters/__init__.py": {"executed_lines": [1, 2, 3, 4, 5, 7, 14], "summary": {"covered_lines": 7, "num_statements": 7, "percent_covered": 100.0, "percent_covered_display": "100", "missing_lines": 0, "excluded_lines": 0, "percent_statements_covered": 100.0, "percent_statements_covered_display": "100"}, "missing_lines": [], "excluded_lines": [], "functions": {"": {"executed_lines": [1, 2, 3, 4, 5, 7, 14], "summary": {"covered_lines": 7, "num_statements": 7, "percent_covered": 100.0, "percent_covered_display": "100", "missing_lines": 0, "excluded_lines": 0, "percent_statements_covered": 100.0, "percent_statements_covered_display": "100"}, "missing_lines": [], "excluded_lines": [], "start_line": 1}}, "classes": {"": {"executed_lines": [1, 2, 3, 4, 5, 7, 14], "summary": {"covered_lines": 7, "num_statements": 7, "percent_covered": 100.0, "percent_covered_display": "100", "missing_lines": 0, "excluded_lines": 0, "percent_statements_covered": 100.0, "percent_statements_covered_display": "100"}, "missing_lines": [], "excluded_lines": [], "start_line": 1}}}, "app/services/adapters/asana.py": {"executed_lines": [1, 3, 4, 6, 8, 9, 12, 13, 14, 23, 24, 26, 27, 28, 33, 34, 35, 36, 38, 41, 42, 47, 48, 49], "summary": {"covered_lines": 24, "num_statements": 24, "percent_covered": 100.0, "percent_covered_display": "100", "missing_lines": 0, "excluded_lines": 0, "percent_statements_covered": 100.0, "percent_statements_covered_display": "100"}, "missing_lines": [], "excluded_lines": [], "functions": {"AsanaAdapter.normalize": {"executed_lines": [14], "summary": {"covered_lines": 1, "num_statements": 1, "percent_covered": 100.0, "percent_covered_display": "100", "missing_lines": 0, "excluded_lines": 0, "percent_statements_covered": 100.0, "percent_statements_covered_display": "100"}, "missing_lines": [], "excluded_lines": [], "start_line": 13}, "AsanaAdapter.extract_status": {"executed_lines": [24], "summary": {"covered_lines": 1, "num_statements": 1, "percent_covered": 100.0, "percent_covered_display": "100", "missing_lines": 0, "excluded_lines": 0, "percent_statements_covered": 100.0, "percent_statements_covered_display": "100"}, "missing_lines": [], "excluded_lines": [], "start_line": 23}, "AsanaAdapter.fetch_task": {"executed_lines": [27, 28, 33, 34, 35, 36], "summary": {"covered_lines": 6, "num_statements": 6, "percent_covered": 100.0, "percent_covered_display": "100", "missing_lines": 0, "excluded_lines": 0, "percent_statements_covered": 100.0, "percent_statements_covered_display": "100"}, "missing_lines": [], "excluded_lines": [], "start_line": 26}, "AsanaAdapter.fetch_tasks_by_project": {"executed_lines": [41, 42, 47, 48, 49], "summary": {"covered_lines": 5, "num_statements": 5, "percent_covered": 100.0, "percent_covered_display": "100", "missing_lines": 0, "excluded_lines": 0, "percent_statements_covered": 100.0, "percent_statements_covered_display": "100"}, "missing_lines": [], "excluded_lines": [], "start_line": 38}, "": {"executed_lines": [1, 3, 4, 6, 8, 9, 12, 13, 23, 26, 38], "summary": {"covered_lines": 11, "num_statements": 11, "percent_covered": 100.0, "percent_covered_display": "100", "missing_lines": 0, "excluded_lines": 0, "percent_statements_covered": 100.0, "percent_statements_covered_display": "100"}, "missing_lines": [], "excluded_lines": [], "start_line": 1}}, "classes": {"AsanaAdapter": {"executed_lines": [14, 24, 27, 28, 33, 34, 35, 36, 41, 42, 47, 48, 49], "summary": {"covered_lines": 13, "num_statements": 13, "percent_covered": 100.0, "percent_covered_display": "100", "missing_lines": 0, "excluded_lines": 0, "percent_statements_covered": 100.0, "percent_statements_covered_display": "100"}, "missing_lines": [], "excluded_lines": [], "start_line": 12}, "": {"executed_lines": [1, 3, 4, 6, 8, 9, 12, 13, 23, 26, 38], "summary": {"covered_lines": 11, "num_statements": 11, "percent_covered": 100.0, "percent_covered_display": "100", "missing_lines": 0, "excluded_lines": 0, "percent_statements_covered": 100.0, "percent_statements_covered_display": "100"}, "missing_lines": [], "excluded_lines": [], "start_line": 1}}}, "app/services/adapters/base.py": {"executed_lines": [1, 2, 4, 7, 8, 9, 10, 11, 12, 13, 16], "summary": {"covered_lines": 11, "num_statements": 11, "percent_covered": 100.0, "percent_covered_display": "100", "missing_lines": 0, "excluded_lines": 8, "percent_statements_covered": 100.0, "percent_statements_covered_display": "100"}, "missing_lines": [], "excluded_lines": [19, 20, 21, 22, 23, 24, 25, 26], "functions": {"TicketAdapter.normalize": {"executed_lines": [], "summary": {"covered_lines": 0, "num_statements": 0, "percent_covered": 100.0, "percent_covered_display": "100", "missing_lines": 0, "excluded_lines": 1, "percent_statements_covered": 100.0, "percent_statements_covered_display": "100"}, "missing_lines": [], "excluded_lines": [21], "start_line": 20}, "TicketAdapter.extract_status": {"executed_lines": [], "summary": {"covered_lines": 0, "num_statements": 0, "percent_covered": 100.0, "percent_covered_display": "100", "missing_lines": 0, "excluded_lines": 1, "percent_statements_covered": 100.0, "percent_statements_covered_display": "100"}, "missing_lines": [], "excluded_lines": [25], "start_line": 24}, "": {"executed_lines": [1, 2, 4, 7, 8, 9, 10, 11, 12, 13, 16], "summary": {"covered_lines": 11, "num_statements": 11, "percent_covered": 100.0, "percent_covered_display": "100", "missing_lines": 0, "excluded_lines": 5, "percent_statements_covered": 100.0, "percent_statements_covered_display": "100"}, "missing_lines": [], "excluded_lines": [19, 20, 22, 23, 24], "start_line": 1}}, "classes": {"NormalizedTicket": {"executed_lines": [], "summary": {"covered_lines": 0, "num_statements": 0, "percent_covered": 100.0, "percent_covered_display": "100", "missing_lines": 0, "excluded_lines": 0, "percent_statements_covered": 100.0, "percent_statements_covered_display": "100"}, "missing_lines": [], "excluded_lines": [], "start_line": 7}, "TicketAdapter": {"executed_lines": [], "summary": {"covered_lines": 0, "num_statements": 0, "percent_covered": 100.0, "percent_covered_display": "100", "missing_lines": 0, "excluded_lines": 2, "percent_statements_covered": 100.0, "percent_statements_covered_display": "100"}, "missing_lines": [], "excluded_lines": [21, 25], "start_line": 16}, "": {"executed_lines": [1, 2, 4, 7, 8, 9, 10, 11, 12, 13, 16], "summary": {"covered_lines": 11, "num_statements": 11, "percent_covered": 100.0, "percent_covered_display": "100", "missing_lines": 0, "excluded_lines": 5, "percent_statements_covered": 100.0, "percent_statements_covered_display": "100"}, "missing_lines": [], "excluded_lines": [19, 20, 22, 23, 24], "start_line": 1}}}, "app/services/adapters/github.py": {"executed_lines": [1, 3, 4, 6, 9, 10, 11, 20, 21, 23, 24, 25, 26, 27, 28, 32, 33, 34, 35, 37, 38, 39, 41, 42, 47, 48], "summary": {"covered_lines": 26, "num_statements": 27, "percent_covered": 96.29629629629629, "percent_covered_display": "96", "missing_lines": 1, "excluded_lines": 0, "percent_statements_covered": 96.29629629629629, "percent_statements_covered_display": "96"}, "missing_lines": [40], "excluded_lines": [], "functions": {"GitHubIssueAdapter.normalize": {"executed_lines": [11], "summary": {"covered_lines": 1, "num_statements": 1, "percent_covered": 100.0, "percent_covered_display": "100", "missing_lines": 0, "excluded_lines": 0, "percent_statements_covered": 100.0, "percent_statements_covered_display": "100"}, "missing_lines": [], "excluded_lines": [], "start_line": 10}, "GitHubIssueAdapter.extract_status": {"executed_lines": [21], "summary": {"covered_lines": 1, "num_statements": 1, "percent_covered": 100.0, "percent_covered_display": "100", "missing_lines": 0, "excluded_lines": 0, "percent_statements_covered": 100.0, "percent_statements_covered_display": "100"}, "missing_lines": [], "excluded_lines": [], "start_line": 20}, "GitHubIssueAdapter.fetch_issue": {"executed_lines": [24, 25, 26, 27, 28, 32, 33, 34, 35], "summary": {"covered_lines": 9, "num_statements": 9, "percent_covered": 100.0, "percent_covered_display": "100", "missing_lines": 0, "excluded_lines": 0, "percent_statements_covered": 100.0, "percent_statements_covered_display": "100"}, "missing_lines": [], "excluded_lines": [], "start_line": 23}, "GitHubIssueAdapter.fetch_issues": {"executed_lines": [38, 39, 41, 42, 47, 48], "summary": {"covered_lines": 6, "num_statements": 7, "percent_covered": 85.71428571428571, "percent_covered_display": "86", "missing_lines": 1, "excluded_lines": 0, "percent_statements_covered": 85.71428571428571, "percent_statements_covered_display": "86"}, "missing_lines": [40], "excluded_lines": [], "start_line": 37}, "": {"executed_lines": [1, 3, 4, 6, 9, 10, 20, 23, 37], "summary": {"covered_lines": 9, "num_statements": 9, "percent_covered": 100.0, "percent_covered_display": "100", "missing_lines": 0, "excluded_lines": 0, "percent_statements_covered": 100.0, "percent_statements_covered_display": "100"}, "missing_lines": [], "excluded_lines": [], "start_line": 1}}, "classes": {"GitHubIssueAdapter": {"executed_lines": [11, 21, 24, 25, 26, 27, 28, 32, 33, 34, 35, 38, 39, 41, 42, 47, 48], "summary": {"covered_lines": 17, "num_statements": 18, "percent_covered": 94.44444444444444, "percent_covered_display": "94", "missing_lines": 1, "excluded_lines": 0, "percent_statements_covered": 94.44444444444444, "percent_statements_covered_display": "94"}, "missing_lines": [40], "excluded_lines": [], "start_line": 9}, "": {"executed_lines": [1, 3, 4, 6, 9, 10, 20, 23, 37], "summary": {"covered_lines": 9, "num_statements": 9, "percent_covered": 100.0, "percent_covered_display": "100", "missing_lines": 0, "excluded_lines": 0, "percent_statements_covered": 100.0, "percent_statements_covered_display": "100"}, "missing_lines": [], "excluded_lines": [], "start_line": 1}}}, "app/services/adapters/jira.py": {"executed_lines": [1, 3, 5, 13, 14, 15, 16, 17, 21, 30, 31, 32, 35, 37, 38, 39, 40], "summary": {"covered_lines": 17, "num_statements": 18, "percent_covered": 94.444444444444
[...]
ercent_statements_covered_display": "100"}, "missing_lines": [], "excluded_lines": [], "start_line": 30}, "_extract_adf_text": {"executed_lines": [37, 38, 39, 40], "summary": {"covered_lines": 4, "num_statements": 4, "percent_covered": 100.0, "percent_covered_display": "100", "missing_lines": 0, "excluded_lines": 0, "percent_statements_covered": 100.0, "percent_statements_covered_display": "100"}, "missing_lines": [], "excluded_lines": [], "start_line": 35}, "": {"executed_lines": [1, 3, 5, 13, 14, 30, 35], "summary": {"covered_lines": 7, "num_statements": 7, "percent_covered": 100.0, "percent_covered_display": "100", "missing_lines": 0, "excluded_lines": 0, "percent_statements_covered": 100.0, "percent_statements_covered_display": "100"}, "missing_lines": [], "excluded_lines": [], "start_line": 1}}, "classes": {"JiraAdapter": {"executed_lines": [15, 16, 17, 21, 31, 32], "summary": {"covered_lines": 6, "num_statements": 7, "percent_covered": 85.71428571428571, "percent_covered_display": "86", "missing_lines": 1, "excluded_lines": 0, "percent_statements_covered": 85.71428571428571, "percent_statements_covered_display": "86"}, "missing_lines": [19], "excluded_lines": [], "start_line": 13}, "": {"executed_lines": [1, 3, 5, 13, 14, 30, 35, 37, 38, 39, 40], "summary": {"covered_lines": 11, "num_statements": 11, "percent_covered": 100.0, "percent_covered_display": "100", "missing_lines": 0, "excluded_lines": 0, "percent_statements_covered": 100.0, "percent_statements_covered_display": "100"}, "missing_lines": [], "excluded_lines": [], "start_line": 1}}}, "app/services/adapters/linear.py": {"executed_lines": [1, 3, 4, 6, 8, 16, 27, 40, 54, 55, 56, 65, 66, 67, 69, 82], "summary": {"covered_lines": 16, "num_statements": 33, "percent_covered": 48.484848484848484, "percent_covered_display": "48", "missing_lines": 17, "excluded_lines": 0, "percent_statements_covered": 48.484848484848484, "percent_statements_covered_display": "48"}, "missing_lines": [70, 71, 76, 77, 78, 79, 80, 83, 84, 85, 87, 88, 90, 91, 96, 98, 99], "excluded_lines": [], "functions": {"LinearAdapter.normalize": {"executed_lines": [56], "summary": {"covered_lines": 1, "num_statements": 1, "percent_covered": 100.0, "percent_covered_display": "100", "missing_lines": 0, "excluded_lines": 0, "percent_statements_covered": 100.0, "percent_statements_covered_display": "100"}, "missing_lines": [], "excluded_lines": [], "start_line": 55}, "LinearAdapter.extract_status": {"executed_lines": [66, 67], "summary": {"covered_lines": 2, "num_statements": 2, "percent_covered": 100.0, "percent_covered_display": "100", "missing_lines": 0, "excluded_lines": 0, "percent_statements_covered": 100.0, "percent_statements_covered_display": "100"}, "missing_lines": [], "excluded_lines": [], "start_line": 65}, "LinearAdapter.fetch_issue": {"executed_lines": [], "summary": {"covered_lines": 0, "num_statements": 7, "percent_covered": 0.0, "percent_covered_display": "0", "missing_lines": 7, "excluded_lines": 0, "percent_statements_covered": 0.0, "percent_statements_covered_display": "0"}, "missing_lines": [70, 71, 76, 77, 78, 79, 80], "excluded_lines": [], "start_line": 69}, "LinearAdapter.fetch_issues": {"executed_lines": [], "summary": {"covered_lines": 0, "num_statements": 10, "percent_covered": 0.0, "percent_covered_display": "0", "missing_lines": 10, "excluded_lines": 0, "percent_statements_covered": 0.0, "percent_statements_covered_display": "0"}, "missing_lines": [83, 84, 85, 87, 88, 90, 91, 96, 98, 99], "excluded_lines": [], "start_line": 82}, "": {"executed_lines": [1, 3, 4, 6, 8, 16, 27, 40, 54, 55, 65, 69, 82], "summary": {"covered_lines": 13, "num_statements": 13, "percent_covered": 100.0, "percent_covered_display": "100", "missing_lines": 0, "excluded_lines": 0, "percent_statements_covered": 100.0, "percent_statements_covered_display": "100"}, "missing_lines": [], "excluded_lines": [], "start_line": 1}}, "classes": {"LinearAdapter": {"executed_lines": [56, 66, 67], "summary": {"covered_lines": 3, "num_statements": 20, "percent_covered": 15.0, "percent_covered_display": "15", "missing_lines": 17, "excluded_lines": 0, "percent_statements_covered": 15.0, "percent_statements_covered_display": "15"}, "missing_lines": [70, 71, 76, 77, 78, 79, 80, 83, 84, 85, 87, 88, 90, 91, 96, 98, 99], "excluded_lines": [], "start_line": 54}, "": {"executed_lines": [1, 3, 4, 6, 8, 16, 27, 40, 54, 55, 65, 69, 82], "summary": {"covered_lines": 13, "num_statements": 13, "percent_covered": 100.0, "percent_covered_display": "100", "missing_lines": 0, "excluded_lines": 0, "percent_statements_covered": 100.0, "percent_statements_covered_display": "100"}, "missing_lines": [], "excluded_lines": [], "start_line": 1}}}, "app/services/agent_runner.py": {"executed_lines": [1, 2, 3, 4, 5, 6, 7, 9, 10, 12, 13, 14, 15, 16, 17, 18, 20, 22, 25, 41, 98], "summary": {"covered_lines": 21, "num_statements": 66, "percent_covered": 31.818181818181817, "percent_covered_display": "32", "missing_lines": 45, "excluded_lines": 0, "percent_statements_covered": 31.818181818181817, "percent_statements_covered_display": "32"}, "missing_lines": [26, 28, 35, 36, 37, 38, 44, 45, 47, 48, 53, 55, 56, 58, 59, 61, 69, 70, 79, 80, 81, 82, 83, 85, 93, 95, 99, 101, 102, 103, 104, 106, 112, 113, 115, 116, 117, 118, 119, 120, 122, 123, 124, 125, 142], "excluded_lines": [], "functions": {"mint_agent": {"executed_lines": [], "summary": {"covered_lines": 0, "num_statements": 6, "percent_covered": 0.0, "percent_covered_display": "0", "missing_lines": 6, "excluded_lines": 0, "percent_statements_covered": 0.0, "percent_statements_covered_display": "0"}, "missing_lines": [26, 28, 35, 36, 37, 38], "excluded_lines": [], "start_line": 25}, "spawn_agent_run": {"executed_lines": [], "summary": {"covered_lines": 0, "num_statements": 20, "percent_covered": 0.0, "percent_covered_display": "0", "missing_lines": 20, "excluded_lines": 0, "percent_statements_covered": 0.0, "percent_statements_covered_display": "0"}, "missing_lines": [44, 45, 47, 48, 53, 55, 56, 58, 59, 61, 69, 70, 79, 80, 81, 82, 83, 85, 93, 95], "excluded_lines": [], "start_line": 41}, "_reap": {"executed_lines": [], "summary": {"covered_lines": 0, "num_statements": 19, "percent_covered": 0.0, "percent_covered_display": "0", "missing_lines": 19, "excluded_lines": 0, "percent_statements_covered": 0.0, "percent_statements_covered_display": "0"}, "missing_lines": [99, 101, 102, 103, 104, 106, 112, 113, 115, 116, 117, 118, 119, 120, 122, 123, 124, 125, 142], "excluded_lines": [], "start_line": 98}, "": {"executed_lines": [1, 2, 3, 4, 5, 6, 7, 9, 10, 12, 13, 14, 15, 16, 17, 18, 20, 22, 25, 41, 98], "summary": {"covered_lines": 21, "num_statements": 21, "percent_covered": 100.0, "percent_covered_display": "100", "missing_lines": 0, "excluded_lines": 0, "percent_statements_covered": 100.0, "percent_statements_covered_display": "100"}, "missing_lines": [], "excluded_lines": [], "start_line": 1}}, "classes": {"": {"executed_lines": [1, 2, 3, 4, 5, 6, 7, 9, 10, 12, 13, 14, 15, 16, 17, 18, 20, 22, 25, 41, 98], "summary": {"covered_lines": 21, "num_statements": 66, "percent_covered": 31.818181818181817, "percent_covered_display": "32", "missing_lines": 45, "excluded_lines": 0, "percent_statements_covered": 31.818181818181817, "percent_statements_covered_display": "32"}, "missing_lines": [26, 28, 35, 36, 37, 38, 44, 45, 47, 48, 53, 55, 56, 58, 59, 61, 69, 70, 79, 80, 81, 82, 83, 85, 93, 95, 99, 101, 102, 103, 104, 106, 112, 113, 115, 116, 117, 118, 119, 120, 122, 123, 124, 125, 142], "excluded_lines": [], "start_line": 1}}}, "app/services/auth.py": {"executed_lines": [1, 2, 4, 5, 6, 8, 9, 12, 14, 15, 16, 19, 21, 22, 23, 24, 25, 26], "summary": {"covered_lines": 18, "num_statements": 18, "percent_covered": 100.0, "percent_covered_display": "100", "missing_lines": 0, "excluded_lines": 0, "percent_statements_covered": 100.0, "percent_statements_covered_display": "100"}, "missing_lines": [], "excluded_lines": [], "functions": {"generate_api_key": {"executed_lines": [14, 15, 16], "summary": {"covered_lines": 3, "num_statements": 3, "percent_covered": 100.0, "percent_covered_display": "100", "missing_lines": 0, "excluded_lines": 0, "percent_statements_covered": 100.0, "percent_statements_covered_display": "100"}, "missing_lines": [], "excluded_lines": [], "start_line": 12}, "resolve_agent": {"executed_lines": [21, 22, 23, 24, 25, 26], "summary": {"covered_lines": 6, "num_statements": 6, "percent_covered": 100.0, "percent_covered_display": "100", "missing_lines": 0, "excluded_lines": 0, "percent_statements_covered": 100.0, "percent_statements_covered_display": "100"}, "missing_lines": [], "excluded_lines": [], "start_line": 19}, "": {"executed_lines": [1, 2, 4, 5, 6, 8, 9, 12, 19], "summary": {"covered_lines": 9, "num_statements": 9, "percent_covered": 100.0, "percent_covered_display": "100", "missing_lines": 0, "excluded_lines": 0, "percent_statements_covered": 100.0, "percent_statements_covered_display": "100"}, "missing_lines": [], "excluded_lines": [], "start_line": 1}}, "classes": {"": {"executed_lines": [1, 2, 4, 5, 6, 8, 9, 12, 14, 15, 16, 19, 21, 22, 23, 24, 25, 26], "summary": {"covered_lines": 18, "num_statements": 18, "percent_covered": 100.0, "percent_covered_display": "100", "missing_lines": 0, "excluded_lines": 0, "percent_statements_covered": 100.0, "percent_statements_covered_display": "100"}, "missing_lines": [], "excluded_lines": [], "start_line": 1}}}, "app/services/criteria_extractor/__init__.py": {"executed_lines": [1, 2, 3, 4, 6, 9, 10, 13, 15, 16, 18, 20, 21, 23, 28, 31, 32, 40, 49, 61, 73, 80, 81, 82, 83, 84, 85, 86, 87], "summary": {"covered_lines": 29, "num_statements": 51, "percent_covered": 56.86274509803921, "percent_covered_display": "57", "missing_lines": 22, "excluded_lines": 0, "percent_statements_covered": 56.86274509803921, "percent_statements_covered_display": "57"}, "missing_lines": [22, 24, 25, 26, 41, 42, 43, 44, 45, 46, 50, 52, 53, 58, 62, 64, 65, 70, 74, 75, 76, 77], "excluded_lines": [], "functions": {"create_criterion": {"executed_lines": [10], "summary": {"covered_lines": 1, "num_statements": 1, "percent_covered": 100.0, "percent_covered_display": "100", "missing_lines": 0, "excluded_lines": 0, "percent_statements_covered": 100.0, "percent_statements_covered_display": "100"}, "missing_lines": [], "excluded_lines": [], "start_line": 9}, "extract_criteria": {"executed_lines": [15, 16, 18, 20, 21, 23, 28], "summary": {"covered_lines": 7, "num_statements": 11, "percent_covered": 63.63636363636363, "percent_covered_display": "64", "missing_lines": 4, "excluded_lines": 0, "percent_statements_covered": 63.63636363636363, "percent_statements_covered_display": "64"}, "missing_lines": [22, 24, 25, 26], "excluded_lines": [], "start_line": 13}, "_build_prompt": {"executed_lines": [32], "summary": {"covered_lines": 1, "num_statements": 1, "percent_covered": 100.0, "percent_covered_display": "100", "missing_lines": 0, "excluded_lines": 0, "percent_statements_covered": 100.0, "percent_statements_covered_display": "100"}, "missing_lines": [], "excluded_lines": [], "start_line": 31}, "_normalize_criteria": {"executed_lines": [], "summary": {"covered_lines": 0, "num_statements": 6, "percent_covered": 0.0, "percent_covered_display": "0", "missing_lines": 6, "excluded_lines": 0, "percent_statements_covered": 0.0, "percent_statements_covered_display": "0"}, "missing_lines": [41, 42, 43, 44, 45, 46], "excluded_lines": [], "start_line": 40}, "_extract_with_anthropic": {"executed_lines": [], "summary": {"covered_lines": 0, "num_statements": 4, "percent_covered": 0.0, "percent_covered_display": "0", "missing_lines": 4, "excluded_lines": 0, "percent_statements_covered": 0.0, "percent_statements_covered_display": "0"}, "missing_lines": [50, 52, 53, 58], "excluded_lines": [], "start_line": 49}, "_extract_with_openai": {"executed_lines": [], "summary": {"covered_lines": 0, "num_statements": 4, "percent_covered": 0.0, "percent_covered_display": "0", "missing_lines": 4, "excluded_lines": 0, "percent_statements_covered": 0.0, "percent_statements_covered_display": "0"}, "missing_lines": [62, 64, 65, 70], "excluded_lines": [], "start_line": 61}, "_extract_json": {"executed_lines": [], "summary": {"covered_lines": 0, "num_statements": 4, "percent_covered": 0.0, "percent_covered_display": "0", "missing_lines": 4, "excluded_lines": 0, "percent_statements_covered": 0.0, "percent_statements_covered_display": "0"}, "missing_lines": [74, 75, 76, 77], "excluded_lines": [], "start_line": 73}, "_parse_checkboxes": {"executed_lines": [81, 82, 83, 84, 85, 86, 87], "summary": {"covered_lines": 7, "num_statements": 7, "percent_covered": 100.0, "percent_covered_display": "100", "missing_lines": 0, "excluded_lines": 0, "percent_statements_covered": 100.0, "percent_statements_covered_display": "100"}, "missing_lines": [], "excluded_lines": [], "start_line": 80}, "": {"executed_lines": [1, 2, 3, 4, 6, 9, 13, 31, 40, 49, 61, 73, 80], "summary": {"covered_lines": 13, "num_statements": 13, "percent_covered": 100.0, "percent_covered_display": "100", "missing_lines": 0, "excluded_lines": 0, "percent_statements_covered": 100.0, "percent_statements_covered_display": "100"}, "missing_lines": [], "excluded_lines": [], "start_line": 1}}, "classes": {"": {"executed_lines": [1, 2, 3, 4, 6, 9, 10, 13, 15, 16, 18, 20, 21, 23, 28, 31, 32, 40, 49, 61, 73, 80, 81, 82, 83, 84, 85, 86, 87], "summary": {"covered_lines": 29, "num_statements": 51, "percent_covered": 56.86274509803921, "percent_covered_display": "57", "missing_lines": 22, "excluded_lines": 0, "percent_statements_covered": 56.86274509803921, "percent_statements_covered_display": "57"}, "missing_lines": [22, 24, 25, 26, 41, 42, 43, 44, 45, 46, 50, 52, 53, 58, 62, 64, 65, 70, 74, 75, 76, 77], "excluded_lines": [], "start_line": 1}}}, "app/services/deviation_detector.py": {"executed_lines": [1, 2, 3, 5, 6, 8, 9, 10, 13, 21, 36, 41, 43, 44, 45, 46, 47, 48, 49, 50, 51, 52, 61, 62, 63, 64, 70, 73, 80, 82, 83, 92], "summary": {"covered_lines": 32, "num_statements": 32, "percent_covered": 100.0, "percent_covered_display": "100", "missing_lines": 0, "excluded_lines": 0, "percent_statements_covered": 100.0, "percent_statements_covered_display": "100"}, "missing_lines": [], "excluded_lines": [], "functions": {"_deviation_event": {"executed_lines": [21], "summary": {"covered_lines": 1, "num_statements": 1, "percent_covered": 100.0, "percent_covered_display": "100", "missing_lines": 0, "excluded_lines": 0, "percent_statements_covered": 100.0, "percent_statements_covered_display": "100"}, "missing_lines": [], "excluded_lines": [], "start_line": 13}, "check_post_event": {"executed_lines": [41, 43, 44, 45, 46, 47, 48, 49, 50, 51, 52, 61, 62, 63, 64, 70, 73, 80, 82, 83, 92], "summary": {"covered_lines": 21, "num_statements": 21, "percent_covered": 100.0, "percent_covered_display": "100", "missing_lines": 0, "excluded_lines": 0, "percent_statements_covered": 100.0, "percent_statements_covered_display": "100"}, "missing_lines": [], "excluded_lines": [], "start_line": 36}, "": {"executed_lines": [1, 2, 3, 5, 6, 8, 9, 10, 13, 36], "summary": {"covered_lines": 10, "num_statements": 10, "percent_covered": 100.0, "percent_covered_display": "100", "missing_lines": 0, "excluded_lines": 0, "percent_statements_covered": 100.0, "percent_statements_covered_display": "100"}, "missing_lines": [], "excluded_lines": [], "start_line": 1}}, "classes": {"": {"executed_lines": [1, 2, 3, 5, 6, 8, 9, 10, 13, 21, 36, 41, 43, 44, 45, 46, 47, 48, 49, 50, 51, 52, 61, 62, 63, 64, 70, 73, 80, 82, 83, 92], "summary": {"covered_lines": 32, "num_statements": 32, "percent_covered": 100.0, "percent_covered_display": "100", "missing_lines": 0, "excluded_lines": 0, "percent_statements_covered": 100.0, "percent_statements_covered_display": "100"}, "missing_lines": [], "excluded_lines": [], "start_line": 1}}}, "app/worker/__init__.py": {"executed_lines": [], "summary": {"covered_lines": 0, "num_statements": 0, "percent_covered": 100.0, "percent_covered_display": "100", "missing_lines": 0, "excluded_lines": 0, "percent_statements_covered": 100.0, "percent_statements_covered_display": "100"}, "missing_lines": [], "excluded_lines": [], "functions": {"": {"executed_lines": [], "summary": {"covered_lines": 0, "num_statements": 0, "percent_covered": 100.0, "percent_covered_display": "100", "missing_lines": 0, "excluded_lines": 0, "percent_statements_covered": 100.0, "percent_statements_covered_display": "100"}, "missing_lines": [], "excluded_lines": [], "start_line": 1}}, "classes": {"": {"executed_lines": [], "summary": {"covered_lines": 0, "num_statements": 0, "percent_covered": 100.0, "percent_covered_display": "100", "missing_lines": 0, "excluded_lines": 0, "percent_statements_covered": 100.0, "percent_statements_covered_display": "100"}, "missing_lines": [], "excluded_lines": [], "start_line": 1}}}, "app/worker/main.py": {"executed_lines": [], "summary": {"covered_lines": 0, "num_statements": 6, "percent_covered": 0.0, "percent_covered_display": "0", "missing_lines": 6, "excluded_lines": 0, "percent_statements_covered": 0.0, "percent_statements_covered_display": "0"}, "missing_lines": [1, 2, 4, 6, 8, 9], "excluded_lines": [], "functions": {"": {"executed_lines": [], "summary": {"covered_lines": 0, "num_statements": 6, "percent_covered": 0.0, "percent_covered_display": "0", "missing_lines": 6, "excluded_lines": 0, "percent_statements_covered": 0.0, "percent_statements_covered_display": "0"}, "missing_lines": [1, 2, 4, 6, 8, 9], "excluded_lines": [], "start_line": 1}}, "classes": {"": {"executed_lines": [], "summary": {"covered_lines": 0, "num_statements": 6, "percent_covered": 0.0, "percent_covered_display": "0", "missing_lines": 6, "excluded_lines": 0, "percent_statements_covered": 0.0, "percent_statements_covered_display": "0"}, "missing_lines": [1, 2, 4, 6, 8, 9], "excluded_lines": [], "start_line": 1}}}, "app/worker/runner.py": {"executed_lines": [], "summary": {"covered_lines": 0, "num_statements": 15, "percent_covered": 0.0, "percent_covered_display": "0", "missing_lines": 15, "excluded_lines": 0, "percent_statements_covered": 0.0, "percent_statements_covered_display": "0"}, "missing_lines": [6, 7, 9, 11, 14, 15, 16, 19, 20, 21, 22, 23, 24, 25, 26], "excluded_lines": [], "functions": {"run_once": {"executed_lines": [], "summary": {"covered_lines": 0, "num_statements": 2, "percent_covered": 0.0, "percent_covered_display": "0", "missing_lines": 2, "excluded_lines": 0, "percent_statements_covered": 0.0, "percent_statements_covered_display": "0"}, "missing_lines": [15, 16], "excluded_lines": [], "start_line": 14}, "run_loop": {"executed_lines": [], "summary": {"covered_lines": 0, "num_statements": 7, "percent_covered": 0.0, "percent_covered_display": "0", "missing_lines": 7, "excluded_lines": 0, "percent_statements_covered": 0.0, "percent_statements_covered_display": "0"}, "missing_lines": [20, 21, 22, 23, 24, 25, 26], "excluded_lines": [], "start_line": 19}, "": {"executed_lines": [], "summary": {"covered_lines": 0, "num_statements": 6, "percent_covered": 0.0, "percent_covered_display": "0", "missing_lines": 6, "excluded_lines": 0, "percent_statements_covered": 0.0, "percent_statements_covered_display": "0"}, "missing_lines": [6, 7, 9, 11, 14, 19], "excluded_lines": [], "start_line": 1}}, "classes": {"": {"executed_lines": [], "summary": {"covered_lines": 0, "num_statements": 15, "percent_covered": 0.0, "percent_covered_display": "0", "missing_lines": 15, "excluded_lines": 0, "percent_statements_covered": 0.0, "percent_statements_covered_display": "0"}, "missing_lines": [6, 7, 9, 11, 14, 15, 16, 19, 20, 21, 22, 23, 24, 25, 26], "excluded_lines": [], "start_line": 1}}}}, "totals": {"covered_lines": 814, "num_statements": 1202, "percent_covered": 67.72046589018302, "percent_covered_display": "68", "missing_lines": 388, "excluded_lines": 8, "percent_statements_covered": 67.72046589018302, "percent_statements_covered_display": "68"}}